648431.000000
85778.000000
1211084.000000
1169 1036
1.860299
bk1 bla 315 462 448 798
bk10a 0 0 378 119
bk10b 0 119 140 280
bk10c 371 343 490 392
bk11 0 462 119 637
bk12 448 896 854 1036
bk13 1029 0 1169 497
bk14a 707 553 826 749
bk14b 707 434 1001 553
bk14c 588 476 707 637
bk15a 714 0 980 119
bk15b 378 0 714 119
bk16 581 637 707 756
bk17a 0 280 371 462
bk17b 707 252 910 434
bk18 133 812 315 1015
bk19 0 637 119 721
bk2 707 119 1001 252
bk20 133 462 315 812
bk21 259 119 574 259
bk3 0 721 133 1036
bk4 448 763 1008 896
bk5a 448 441 588 574
bk5b 448 574 581 749
bk5c 315 798 448 1029
bk6 854 896 1169 1029
bk7 490 259 588 441
bk8a 826 553 1036 763
bk8b 1036 497 1162 875
bk9a 910 252 1029 434
bk9b 140 119 259 238
bk9c 588 119 707 476
bk9d 371 259 490 343
