2.75705
330464
1.24267e+06
1210 1027
3.0945
bk4 119 126 238 742
bk13 572 231 698 777
bk17a 107 742 515 905
bk20 924 270 1087 655
bk12 698 782 1144 908
bk8b 0 905 415 1018
bk10a 0 346 107 761
bk1 345 126 464 495
bk8a 584 0 773 231
bk21 119 0 465 126
bk9c 1103 0 1210 392
bk6 0 0 119 346
bk3 1087 392 1206 738
bk15b 465 192 572 561
bk2 660 908 983 1027
bk18 238 548 461 711
bk17b 880 0 1103 163
bk14b 773 0 880 323
bk15a 238 126 345 418
bk5c 698 323 817 577
bk14a 983 908 1198 1015
bk5b 465 0 584 192
bk10b 828 655 1005 781
bk9a 880 163 1080 270
bk11 817 461 924 653
bk14c 461 561 568 738
bk5a 415 905 569 1024
bk7 572 777 660 977
bk16 817 323 924 461
bk9b 238 418 345 548
bk9d 698 707 828 782
bk19 742 577 817 707
bk10c 698 577 742 707
