2.75648
332152
1.23676e+06
1238 999
3.35254
bk4 0 0 119 616
bk13 119 0 245 546
bk17a 352 119 515 527
bk20 515 119 678 504
bk12 369 871 815 997
bk8b 1125 392 1238 807
bk10a 1008 0 1115 415
bk1 245 0 614 119
bk8a 815 810 1046 999
bk21 515 507 861 633
bk9c 1115 0 1222 392
bk6 364 752 710 871
bk3 119 546 238 892
bk15b 0 892 369 999
bk2 439 633 762 752
bk18 785 0 1008 163
bk17b 678 284 841 507
bk14b 245 119 352 442
bk15a 245 442 352 734
bk5c 0 616 119 870
bk14a 888 485 995 700
bk5b 1046 807 1238 926
bk10b 762 633 888 810
bk9a 678 177 878 284
bk11 888 293 995 485
bk14c 678 0 785 177
bk5a 245 734 364 888
bk7 888 700 1088 788
bk16 1008 415 1115 553
bk9b 995 553 1125 660
bk9d 888 163 963 293
bk19 364 571 439 701
bk10c 352 527 482 571
