1.98298
81949
1.26077e+06
1162 1085
2.75047
bk4 1022 497 1155 1057
bk13 1022 0 1162 497
bk17a 574 483 756 854
bk20 574 133 756 483
bk12 245 945 651 1085
bk8b 119 679 245 1057
bk10a 0 0 119 378
bk1 756 133 889 469
bk8a 245 735 455 945
bk21 259 0 574 140
bk9c 0 721 119 1078
bk6 756 469 889 784
bk3 119 280 252 595
bk15b 252 280 371 616
bk2 889 0 1022 294
bk18 651 854 833 1057
bk17b 833 791 1015 994
bk14b 0 427 119 721
bk15a 119 161 385 280
bk5c 658 0 889 133
bk14a 385 259 504 455
bk5b 889 294 1022 469
bk10b 119 0 259 161
bk9a 455 574 574 756
bk11 455 756 574 931
bk14c 371 455 532 574
bk5a 889 469 1022 609
bk7 889 609 987 791
bk16 245 616 371 735
bk9b 385 140 504 259
bk9d 574 0 658 119
bk19 119 595 238 679
bk10c 0 378 119 427
