2.71636
313228
1.249e+06
1249 1000
3.33823
bk4 0 346 119 962
bk13 345 119 891 245
bk17a 475 352 883 515
bk20 411 837 796 1000
bk12 891 0 1017 446
bk8b 1017 0 1130 415
bk10a 796 886 1211 993
bk1 1130 0 1249 369
bk8a 979 697 1210 886
bk21 119 604 465 730
bk9c 475 245 867 352
bk6 0 0 119 346
bk3 119 0 465 119
bk15b 238 119 345 488
bk2 465 0 788 119
bk18 979 534 1202 697
bk17b 119 837 342 1000
bk14b 465 603 788 710
bk15a 119 730 411 837
bk5c 119 311 238 565
bk14a 238 497 453 604
bk5b 1021 415 1213 534
bk10b 695 710 872 836
bk9a 872 659 979 859
bk11 119 119 226 311
bk14c 345 245 452 422
bk5a 541 710 695 829
bk7 475 515 675 603
bk16 872 521 979 659
bk9b 411 730 541 837
bk9d 891 446 1021 521
bk19 345 422 475 497
bk10c 675 515 805 559
