2.74236
326273
1.2335e+06
1177 1048
3.62818
bk4 0 0 119 616
bk13 119 922 665 1048
bk17a 750 880 1158 1043
bk20 226 238 611 401
bk12 680 214 1126 340
bk8b 1064 340 1177 755
bk10a 957 340 1064 755
bk1 0 616 119 985
bk8a 449 401 680 590
bk21 680 415 806 761
bk9c 119 119 226 511
bk6 675 761 1021 880
bk3 319 782 665 901
bk15b 634 0 1003 107
bk2 119 0 442 119
bk18 119 564 342 727
bk17b 226 401 449 564
bk14b 480 107 803 214
bk15a 806 447 913 739
bk5c 226 119 480 238
bk14a 342 564 449 779
bk5b 556 590 675 782
bk10b 1003 0 1129 177
bk9a 119 815 319 922
bk11 442 0 634 107
bk14c 803 107 980 214
bk5a 1021 755 1175 874
bk7 119 727 319 815
bk16 810 340 948 447
bk9b 449 590 556 720
bk9d 680 340 810 415
bk19 675 880 750 1010
bk10c 913 447 957 577
