2.79402
337622
1.21212e+06
1170 1036
3.33828
bk4 0 192 119 808
bk13 786 0 912 546
bk17a 623 610 786 1018
bk20 119 691 504 854
bk12 912 0 1038 446
bk8b 786 546 899 961
bk10a 572 0 679 415
bk1 504 642 623 1011
bk8a 119 119 308 350
bk21 334 119 460 465
bk9c 679 0 786 392
bk6 119 0 465 119
bk3 119 572 465 691
bk15b 1038 0 1145 369
bk2 1038 369 1157 692
bk18 1006 692 1169 915
bk17b 119 854 342 1017
bk14b 465 200 572 523
bk15a 899 623 1006 915
bk5c 916 915 1170 1034
bk14a 119 350 334 457
bk5b 0 0 119 192
bk10b 912 446 1038 623
bk9a 465 0 572 200
bk11 257 465 449 572
bk14c 595 503 772 610
bk5a 0 808 119 962
bk7 572 415 772 503
bk16 119 457 257 564
bk9b 342 854 472 961
bk9d 465 523 595 598
bk19 786 961 916 1036
bk10c 465 598 595 642
