1.65501
915390
3.81181e+07
5236 7280
9.15223
M001 0 0 1708 3234
M004 3626 0 5236 3080
M003 1708 882 2716 3066
M033 1708 3066 2660 4956
M006 1708 0 3570 882
M002 1022 3234 1694 4788
M030 2100 6538 3402 7266
M048 4494 5376 5222 6678
M044 0 3234 630 4536
M008 4578 3696 5222 4942
M045 1022 4788 1694 5950
M005 3094 882 3626 2268
M037 0 4536 560 5754
M034 3626 3080 4774 3640
M046 3892 4816 4396 6020
M023 3402 4396 3892 5530
M028 3766 6678 4830 7196
M029 910 6748 1904 7238
M043 0 6748 910 7280
M009 2716 2380 3178 3360
M036 0 5754 448 6748
M038 3178 3066 3626 4032
M018 2100 6146 3178 6538
M031 2982 4984 3374 6034
M014 560 4956 966 5880
M047 4396 4942 5208 5376
M022 3038 4032 3402 4984
M015 560 5880 966 6720
M040 630 3234 1022 4102
M035 1708 4956 2100 5810
M012 3178 2268 3584 3066
M021 4186 3990 4578 4816
M019 2100 5754 2926 6146
M011 2716 882 3094 1708
M041 630 4102 994 4956
M027 3402 6272 3766 7112
M007 3626 3640 4494 3990
M032 2660 3738 3038 4522
M017 1708 5810 2100 6566
M049 3402 5530 3794 6272
M039 3402 4032 4186 4396
M016 966 5950 1288 6748
M026 3766 6272 4494 6622
M025 2660 4522 2982 5306
M024 2100 4956 2366 5754
M020 2366 4956 2618 5754
M010 4774 3080 5068 3696
M013 2716 1708 2982 2380
M042 2716 3360 2884 3738
