2.37619
4.8566e+06
3.7905e+07
5114 7412
21.7782
M001 0 0 1537 3557
M004 352 5963 3740 7412
M003 2695 0 5097 907
M033 655 3884 1511 5963
M006 1537 0 2330 2048
M002 1537 2048 2141 3757
M030 0 3884 655 5316
M048 1537 3757 2192 5189
M044 3589 4695 5021 5262
M008 4503 1969 5082 3339
M045 3836 4091 5114 4695
M005 3446 3613 4970 4091
M037 2192 3697 2696 5036
M034 4143 5577 4647 6839
M046 1537 5477 2861 5930
M023 3710 2014 4151 3261
M028 4647 6078 5113 7248
M029 2414 5036 3507 5477
M043 2669 2062 3670 2540
M009 3399 907 4477 1322
M036 3740 5929 4143 7022
M038 4647 907 5050 1969
M018 3462 1322 4647 1674
M031 2695 907 3047 2062
M014 2430 3005 3446 3370
M047 2696 4624 3589 5014
M022 0 3557 1047 3884
M015 2330 0 2695 924
M040 3047 907 3399 1861
M035 2861 5577 3800 5929
M012 2330 924 2695 1801
M021 4151 2014 4503 2922
M019 0 5316 352 6224
M011 2696 3697 3036 4605
M041 3065 3370 3392 4309
M027 2141 3370 3065 3697
M007 3507 5262 4461 5577
M032 3462 1674 4324 2014
M017 3446 3261 4277 3613
M049 4647 5262 4999 6078
M039 2430 2678 3292 3005
M016 2141 2048 2430 2925
M026 3036 4309 3836 4624
M025 3740 7022 4602 7311
M024 2430 1801 2669 2678
M020 1537 5189 2414 5415
M010 3446 2540 3710 3217
M013 4277 3339 5016 3578
M042 3047 1861 3462 2012
