2.37245
4.815e+06
3.74438e+07
5602 6684
21.4058
M001 4065 0 5602 3557
M004 0 0 1449 3388
M003 3158 0 4065 2402
M033 0 5821 2079 6677
M006 2861 5885 4909 6678
M002 1449 0 3158 604
M030 1999 1560 2654 2992
M048 567 3388 1999 4043
M044 0 3388 567 4820
M008 567 4043 1146 5413
M045 1449 604 2727 1208
M005 3158 2402 3636 3926
M037 2654 1666 3158 3005
M034 1449 2116 1953 3378
M046 4235 4325 5559 4778
M023 4255 3884 5502 4325
M028 2861 4643 3327 5813
M029 1146 4043 1587 5136
M043 0 4820 478 5821
M009 2444 5206 2859 6284
M036 3616 5482 4709 5885
M038 2740 604 3143 1666
M018 3616 5130 4801 5482
M031 3100 3926 4255 4278
M014 4909 5130 5274 6146
M047 567 5413 1460 5803
M022 1587 4043 1914 5090
M015 2079 5760 2444 6684
M040 3636 2553 3988 3507
M035 1801 1208 2740 1560
M012 3100 4278 3977 4643
M021 4235 4778 5143 5130
M019 1449 1208 1801 2116
M011 3327 4643 4235 4983
M041 1914 4879 2853 5206
M027 5274 4778 5601 5702
M007 1999 3583 2953 3898
M032 1999 4250 2861 4590
M017 1999 3898 2830 4250
M049 1999 3005 2815 3357
M039 4313 3557 5175 3884
M016 3327 4983 3616 5860
M026 1460 5445 2260 5760
M025 1999 4590 2861 4879
M024 1460 5206 2337 5445
M020 1999 3357 2876 3583
M010 3636 3557 4313 3821
M013 2861 3898 3100 4637
M042 3636 2402 4051 2553
