2.37259
4.75961e+06
3.7201e+07
5219 7128
21.1542
M001 0 0 1537 3557
M004 3770 0 5219 3388
M003 2725 6219 5127 7126
M033 1537 0 2393 2079
M006 2393 0 3186 2048
M002 0 6524 1709 7128
M030 655 5092 1310 6524
M048 0 5081 655 6513
M044 2103 5652 3535 6219
M008 3186 0 3765 1370
M045 3535 5596 4813 6200
M005 0 3557 478 5081
M037 1121 4086 2460 4590
M034 3103 4845 4365 5349
M046 3707 3388 5031 3841
M023 1662 5005 2103 6252
M028 655 3922 1121 5092
M029 2602 4544 3043 5637
M043 4728 3841 5206 4842
M009 1121 4590 2199 5005
M036 4813 4842 5216 5935
M038 2199 4590 2602 5652
M018 1310 5005 1662 6190
M031 3418 2201 3770 3356
M014 1709 6252 2725 6617
M047 2445 2048 3338 2438
M022 3103 4518 4150 4845
M015 1709 6617 2633 6982
M040 2726 3590 3078 4544
M035 4376 3841 4728 4780
M012 655 3557 1532 3922
M021 1537 2079 2445 2431
M019 2399 2438 3307 2790
M011 1864 3117 2772 3457
M041 1537 2758 1864 3697
M027 1864 2790 2788 3117
M007 3103 2790 3418 3744
M032 1864 3457 2726 3797
M017 3338 1370 3690 2201
M049 4376 4780 4728 5596
M039 1537 2431 2399 2758
M016 1537 3797 2414 4086
M026 2788 2790 3103 3590
M025 3418 3356 3707 4218
M024 3043 5349 3920 5588
M020 4150 3841 4376 4718
M010 3858 3841 4122 4518
M013 3103 3744 3342 4483
M042 3707 3841 3858 4256
