2.36308
4.80638e+06
3.75523e+07
5344 7027
22.1519
M001 1183 0 4740 1537
M004 0 2984 1449 6372
M003 4431 4619 5338 7021
M033 327 0 1183 2079
M006 4548 2571 5341 4619
M002 4740 0 5344 1709
M030 0 6372 1432 7027
M048 3893 2494 4548 3926
M044 3325 5537 3892 6969
M008 1801 6299 3171 6878
M045 0 2079 1278 2683
M005 1801 5821 3325 6299
M037 3892 5537 4396 6876
M034 2961 1990 4223 2494
M046 2961 1537 4285 1990
M023 2520 1537 2961 2784
M028 1183 1537 2353 2003
M029 1801 5207 2894 5648
M043 1449 3892 1927 4893
M009 2520 2859 3598 3274
M036 2094 3019 2497 4112
M038 1927 4464 2989 4867
M018 3246 5185 4431 5537
M031 1449 5832 1801 6987
M014 2155 2003 2520 3019
M047 2989 3953 3379 4846
M022 0 0 327 1047
M015 3579 4241 4503 4606
M040 2894 4867 3246 5821
M035 1449 4893 1801 5832
M012 2961 2494 3838 2859
M021 2520 3274 3428 3626
M019 1449 2984 1801 3892
M011 1927 4867 2835 5207
M041 0 1047 327 1986
M027 2497 3626 3421 3953
M007 3246 4870 4200 5185
M032 1278 2292 2140 2632
M017 2094 4112 2925 4464
M049 1278 2632 2094 2984
M039 4574 1709 4901 2571
M016 1278 2003 2155 2292
M026 3654 3926 4454 4241
M025 4285 1537 4574 2399
M024 3654 2859 3893 3736
M020 3428 3274 3654 4151
M010 3379 4606 4056 4870
M013 1801 2984 2040 3723
M042 3428 4151 3579 4566
