2.3778
4.82684e+06
3.8139e+07
5517 6913
22.0822
M001 3980 3356 5517 6913
M004 0 0 1449 3388
M003 0 5912 2402 6819
M033 0 3388 856 5467
M006 4576 0 5369 2048
M002 2721 3333 3325 5042
M030 3325 4210 3980 5642
M048 2531 0 3963 655
M044 3189 1460 3756 2892
M008 1078 4542 1657 5912
M045 1927 0 2531 1278
M005 1449 0 1927 1524
M037 2217 3301 2721 4640
M034 1927 1517 3189 2021
M046 2531 655 3855 1108
M023 2721 2892 3968 3333
M028 1657 4542 2123 5712
M029 1449 2525 1890 3618
M043 1449 1524 1927 2525
M009 0 5467 1078 5882
M036 4173 0 4576 1093
M038 2402 6504 3464 6907
M018 4173 1093 4525 2278
M031 2666 1108 3821 1460
M014 1927 2285 2292 3301
M047 5112 2413 5502 3306
M022 1890 3301 2217 4348
M015 1449 3618 1814 4542
M040 3968 3004 4922 3356
M035 4173 2413 5112 2765
M012 4525 2048 5402 2413
M021 3553 5642 3905 6550
M019 2872 5042 3224 5950
M011 2217 4640 2557 5548
M041 3821 1108 4148 2047
M027 1082 3388 1409 4312
M007 2557 5042 2872 5996
M032 2402 5996 3264 6336
M017 3325 3333 3677 4164
M049 3821 2047 4173 2863
M039 2292 2285 2619 3147
M016 3677 3333 3966 4210
M026 2619 2021 2934 2821
M025 3264 5642 3553 6504
M024 4173 2765 5050 3004
M020 856 3388 1082 4265
M010 1927 2021 2604 2285
M013 1927 1278 2666 1517
M042 2292 3147 2707 3298
