2.22435
1.11816e+06
199188
396 503
102.724
sb66 181 0 235 73
sb73 255 69 309 142
sb77 334 0 385 72
sb72 110 0 177 54
sb42 120 135 188 182
sb68 327 72 396 118
sb99 95 376 139 448
sb21 14 188 84 233
sb65 268 245 318 307
sb8 42 0 110 45
sb44 273 385 344 427
sb49 0 0 42 71
sb15 328 118 374 182
sb17 237 463 309 502
sb39 268 307 328 353
sb43 255 0 296 67
sb13 266 166 328 209
sb14 296 0 334 69
sb82 120 215 182 257
sb96 33 80 105 116
sb36 60 425 95 498
sb3 0 71 33 144
sb18 132 333 188 376
sb79 268 209 334 245
sb52 61 272 120 312
sb1 120 182 191 215
sb64 208 213 250 268
sb94 323 439 359 503
sb11 95 448 159 483
sb32 208 175 266 213
sb93 357 182 388 253
sb26 0 414 60 450
sb51 181 73 243 107
sb25 42 45 101 80
sb47 61 336 132 365
sb50 14 233 42 306
sb86 120 102 181 135
sb16 364 299 396 361
sb81 359 439 395 494
sb5 217 412 270 447
sb55 334 299 364 360
sb59 218 379 273 412
sb91 70 116 99 177
sb28 218 284 268 319
sb2 334 253 392 283
sb67 0 327 48 363
sb70 344 402 390 439
sb87 208 107 243 155
sb12 160 376 185 443
sb22 0 384 53 414
sb63 273 353 322 385
sb74 0 450 46 484
sb27 84 177 106 248
sb58 187 420 217 470
sb48 182 215 206 277
sb19 115 75 170 102
sb41 68 365 92 425
sb29 139 376 160 444
sb69 61 312 120 336
sb34 255 142 314 166
sb84 95 483 168 502
sb0 188 373 217 420
sb71 0 169 70 188
sb98 0 365 68 384
sb38 235 0 255 62
sb24 0 144 49 169
sb90 120 276 149 318
sb37 309 69 327 135
sb62 168 485 234 502
sb35 149 277 190 304
sb97 120 318 193 333
sb78 42 233 70 272
sb54 237 447 304 463
sb56 191 125 206 194
sb89 344 378 385 402
sb45 218 342 266 362
sb23 270 427 323 445
sb95 322 361 378 378
sb10 334 283 391 299
sb80 149 304 212 318
sb60 208 155 252 175
sb31 334 182 357 219
sb53 49 116 67 163
sb88 106 54 146 75
sb7 42 272 61 316
sb57 318 245 334 296
sb46 168 443 187 485
sb33 193 318 212 356
sb61 217 447 237 483
sb40 218 319 249 342
sb6 212 268 256 284
sb76 120 257 156 276
sb20 250 213 267 253
sb9 70 248 115 262
sb30 14 306 42 327
sb4 218 362 249 379
sb75 188 356 218 373
sb85 181 107 208 125
sb92 0 188 14 216
sb83 249 362 273 376
