1.90569
425244
446340
692 645
34.6291
sb0 216 103 300 208
sb35 562 554 665 633
sb88 467 562 561 644
sb64 444 0 538 82
sb21 47 294 150 362
sb25 67 569 161 642
sb27 0 0 102 67
sb4 0 493 67 594
sb15 366 349 471 413
sb67 102 0 183 81
sb63 382 541 456 629
sb55 272 337 355 414
sb72 0 67 77 150
sb38 576 0 671 66
sb85 603 229 667 326
sb44 566 386 659 452
sb22 67 456 155 522
sb17 302 0 405 54
sb39 469 127 570 182
sb42 0 400 59 493
sb84 37 176 119 241
sb99 405 269 471 349
sb66 168 524 242 595
sb30 231 595 333 645
sb36 506 373 562 463
sb48 580 66 670 122
sb23 119 176 176 264
sb18 469 182 548 245
sb74 150 335 234 394
sb57 566 326 647 386
sb98 200 395 270 463
sb97 471 275 539 345
sb53 396 474 467 541
sb89 0 270 47 370
sb81 566 479 628 554
sb33 59 400 142 456
sb13 67 524 168 569
sb92 0 150 37 270
sb50 183 34 249 101
sb20 242 507 337 551
sb47 270 414 359 459
sb7 272 208 312 308
sb61 628 452 682 522
sb58 471 508 541 562
sb93 312 265 366 335
sb28 405 0 444 95
sb69 207 208 272 264
sb5 300 110 370 162
sb29 580 169 676 206
sb49 366 413 460 450
sb75 338 54 400 110
sb73 102 81 177 127
sb82 617 122 692 168
sb43 566 229 603 322
sb90 200 463 278 507
sb11 538 0 576 88
sb51 155 394 200 468
sb78 337 501 382 575
sb31 249 66 338 103
sb91 161 595 231 640
sb70 444 82 514 127
sb37 47 362 127 400
sb8 370 178 404 266
sb52 471 463 534 508
sb9 337 575 375 645
sb19 234 301 261 395
sb80 155 468 200 524
sb3 102 131 207 153
sb12 471 345 506 408
sb34 312 192 340 265
sb87 176 301 234 335
sb1 102 153 187 176
sb2 548 206 631 229
sb65 370 110 397 178
sb95 514 88 580 115
sb60 340 192 367 258
sb16 580 122 617 169
sb24 444 245 516 269
sb41 444 127 467 201
sb26 249 34 302 66
sb46 370 266 397 327
sb32 239 0 287 34
sb86 337 474 396 501
sb54 539 314 566 373
sb59 278 459 325 492
sb62 471 408 504 455
sb96 231 264 270 301
sb10 183 0 239 23
sb56 187 264 231 291
sb6 539 275 566 314
sb94 119 264 152 294
sb79 516 245 549 275
sb76 183 101 216 131
sb77 359 450 398 474
sb83 300 162 339 186
sb40 242 551 281 574
sb45 444 201 469 234
sb68 566 452 596 479
sb71 272 308 298 337
sb14 339 162 363 192
