2.2264
1.11301e+06
196768
416 473
114.884
sb66 0 0 54 73
sb73 260 320 333 374
sb77 359 401 410 473
sb72 113 404 167 471
sb42 45 342 113 389
sb68 54 0 123 46
sb99 153 264 225 308
sb21 113 323 183 368
sb65 141 46 191 108
sb8 0 374 45 442
sb44 25 255 96 297
sb49 218 321 260 392
sb15 141 0 205 46
sb17 376 176 415 248
sb39 0 73 60 119
sb43 98 92 139 159
sb13 224 190 267 252
sb14 266 416 335 454
sb82 0 122 62 164
sb96 141 108 177 180
sb36 183 308 218 381
sb3 353 56 386 129
sb18 368 0 411 56
sb79 25 219 91 255
sb52 113 264 153 323
sb1 219 68 252 139
sb64 266 374 321 416
sb94 380 329 416 393
sb11 0 184 64 219
sb32 60 64 98 122
sb93 25 297 96 328
sb26 336 225 372 285
sb51 62 122 96 184
sb25 240 252 275 311
sb47 109 177 138 248
sb50 139 210 212 238
sb86 275 233 336 266
sb16 204 392 266 424
sb81 205 424 260 460
sb5 207 139 260 174
sb55 307 0 368 30
sb59 260 113 293 168
sb91 347 129 376 190
sb28 313 190 363 225
sb2 386 56 416 114
sb67 113 368 161 404
sb70 275 266 321 303
sb87 45 414 93 449
sb12 45 389 112 414
sb22 252 83 305 113
sb63 205 19 237 68
sb74 0 328 34 374
sb27 336 287 407 309
sb58 141 180 191 210
sb48 268 168 292 230
sb19 326 59 353 114
sb41 252 59 312 83
sb29 183 381 204 449
sb69 321 377 380 401
sb34 335 401 359 460
sb84 205 0 278 19
sb0 376 129 405 176
sb71 237 19 307 38
sb98 260 454 328 473
sb38 293 171 313 233
sb24 0 219 25 268
sb90 307 30 349 59
sb37 54 46 120 64
sb62 309 83 326 149
sb35 0 442 41 469
sb97 167 368 182 441
sb78 191 68 219 107
sb54 109 248 176 264
sb56 225 252 240 321
sb89 336 332 377 356
sb45 41 449 89 469
sb23 91 184 109 237
sb95 96 264 113 320
sb10 293 113 309 170
sb80 34 328 97 342
sb60 372 248 416 268
sb31 336 309 373 332
sb53 123 0 141 47
sb88 326 114 347 154
sb7 372 268 416 287
sb57 191 107 207 158
sb46 93 414 112 456
sb33 167 449 205 468
sb61 373 309 409 329
sb40 64 184 87 215
sb6 224 174 268 190
sb76 205 174 224 210
sb20 176 238 216 255
sb9 120 47 134 92
sb30 333 356 361 377
sb4 299 303 330 320
sb75 309 154 339 171
sb85 98 159 125 177
sb92 177 158 205 172
sb83 275 303 299 317
