1.83908
443427
435268
692 629
17.0091
sb0 0 125 105 209
sb35 186 44 289 123
sb21 186 123 254 226
sb25 292 459 386 532
sb27 611 0 678 102
sb4 420 154 487 255
sb15 547 131 611 236
sb65 264 240 345 322
sb69 510 50 591 131
sb76 611 237 692 318
sb82 610 318 691 399
sb94 254 322 342 396
sb38 45 266 111 361
sb90 438 442 535 506
sb44 153 254 219 347
sb52 611 163 690 237
sb22 0 0 88 66
sb17 564 563 667 617
sb39 0 361 55 462
sb42 88 66 181 125
sb81 438 506 518 572
sb79 278 160 344 240
sb75 0 563 80 629
sb97 343 70 417 141
sb30 503 0 605 50
sb48 87 466 143 556
sb36 438 323 528 379
sb23 179 408 236 496
sb86 461 379 540 442
sb18 567 484 630 563
sb64 487 154 547 235
sb50 289 0 357 70
sb57 83 361 153 429
sb72 179 564 254 626
sb33 447 0 503 83
sb13 0 462 45 563
sb87 345 326 426 382
sb68 88 0 155 66
sb98 420 83 510 132
sb84 345 272 425 326
sb85 386 498 438 579
sb71 105 125 186 177
sb20 186 0 281 44
sb47 0 209 45 298
sb7 254 578 354 618
sb95 345 220 420 272
sb77 567 399 646 447
sb28 111 266 150 361
sb5 105 177 175 229
sb29 83 429 179 466
sb49 567 447 661 484
sb88 236 458 292 520
sb73 345 382 390 459
sb58 630 484 675 561
sb92 518 508 564 583
sb56 345 174 420 220
sb62 486 583 561 629
sb43 45 229 138 266
sb11 0 66 88 104
sb78 390 400 435 474
sb80 153 347 213 402
sb31 254 123 343 160
sb89 528 259 572 332
sb37 87 556 167 594
sb8 357 0 445 34
sb9 540 332 610 370
sb19 540 370 567 464
sb70 435 278 491 323
sb67 219 232 264 288
sb61 386 579 442 624
sb63 442 572 486 626
sb3 420 132 525 154
sb12 240 396 303 431
sb34 55 361 83 434
sb1 425 255 510 278
sb2 510 236 593 259
sb55 209 496 236 564
sb16 236 520 283 557
sb24 254 160 278 232
sb41 283 555 357 578
sb26 143 466 175 519
sb46 213 347 240 408
sb32 611 102 659 136
sb60 45 466 87 504
sb66 236 431 295 458
sb53 659 102 686 161
sb91 344 141 391 174
sb10 438 379 461 435
sb54 540 464 567 508
sb93 289 88 333 115
sb59 219 288 254 321
sb74 611 136 650 163
sb6 420 34 447 73
sb51 179 496 209 529
sb40 283 532 322 555
sb45 153 229 186 254
sb14 219 321 249 345
sb83 390 474 418 498
sb96 390 382 424 400
sb99 289 70 323 88
