1.84382
439376
434639
629 691
28.0096
sb0 0 221 84 326
sb54 211 0 311 83
sb35 399 0 502 79
sb59 404 421 470 541
sb94 312 584 394 678
sb21 347 137 450 205
sb25 404 597 477 691
sb27 544 575 611 677
sb4 0 326 67 427
sb15 116 465 180 570
sb55 305 510 393 584
sb85 528 414 616 488
sb78 485 495 566 575
sb38 309 405 404 471
sb82 485 575 544 680
sb81 253 584 312 689
sb44 180 495 273 561
sb22 45 0 111 88
sb17 123 322 177 425
sb39 84 221 139 322
sb90 451 124 530 194
sb42 0 518 59 611
sb80 0 142 82 207
sb30 180 445 282 495
sb36 451 282 541 338
sb48 293 218 383 274
sb23 541 282 629 339
sb18 0 611 79 674
sb57 441 338 522 398
sb76 205 218 286 278
sb88 180 305 248 375
sb69 111 40 179 110
sb56 79 615 150 682
sb75 522 339 584 414
sb33 82 165 165 221
sb72 319 0 376 81
sb83 269 154 341 218
sb13 584 0 629 101
sb79 404 541 485 597
sb98 186 561 253 627
sb96 410 79 507 124
sb58 530 0 584 80
sb20 309 334 404 378
sb47 569 190 614 279
sb7 111 0 211 40
sb77 554 136 624 190
sb74 211 83 281 137
sb28 305 471 400 510
sb5 566 488 618 558
sb29 150 627 246 664
sb49 404 318 441 412
sb43 79 514 116 607
sb11 167 110 205 198
sb50 584 339 629 413
sb53 248 278 293 352
sb64 0 0 45 74
sb31 0 427 89 464
sb67 0 464 59 518
sb95 45 88 104 142
sb84 476 194 535 248
sb97 180 375 225 445
sb51 116 570 186 615
sb37 167 198 205 278
sb8 476 248 564 282
sb9 281 83 319 153
sb19 309 378 403 405
sb99 530 80 575 136
sb66 67 346 123 391
sb3 282 431 304 536
sb92 165 278 248 305
sb12 480 398 515 461
sb91 211 171 261 212
sb34 319 81 347 154
sb65 535 190 569 248
sb70 376 79 410 137
sb63 211 137 269 171
sb1 82 142 167 165
sb2 150 664 233 687
sb87 116 425 162 465
sb89 293 307 359 334
sb16 404 281 451 318
sb24 425 205 449 277
sb41 376 0 399 74
sb26 359 281 391 334
sb46 248 376 309 403
sb32 480 461 528 495
sb73 383 205 425 243
sb68 248 403 305 431
sb93 89 391 116 450
sb61 273 536 305 584
sb60 383 243 423 281
sb10 59 491 115 514
sb6 59 464 98 491
sb52 293 274 323 307
sb71 84 322 123 346
sb40 441 398 480 421
sb45 451 194 476 227
sb62 323 274 352 300
sb14 248 352 278 376
sb86 530 136 554 164
