1.96077
346250
204584
428 478
18.395
sb66 224 193 291 254
sb73 362 0 423 67
sb77 253 361 310 427
sb72 364 406 425 467
sb42 259 92 312 154
sb68 0 178 52 241
sb99 291 227 357 276
sb21 310 328 374 378
sb65 17 289 73 346
sb8 209 36 259 98
sb15 305 276 364 328
sb44 312 123 359 188
sb49 297 0 362 47
sb17 17 245 83 289
sb39 210 271 265 323
sb43 0 33 46 94
sb13 64 420 112 477
sb14 130 236 173 299
sb82 374 349 421 406
sb96 130 299 170 365
sb36 291 188 358 227
sb3 173 262 210 329
sb79 124 176 165 236
sb18 173 214 224 262
sb52 186 433 240 478
sb94 83 245 124 304
sb1 359 87 396 152
sb64 19 94 69 141
sb11 46 34 85 93
sb32 210 323 253 376
sb93 378 210 413 275
sb26 297 47 352 87
sb51 210 376 248 433
sb47 0 0 65 33
sb50 396 87 428 154
sb25 69 93 123 132
sb86 130 372 186 409
sb16 172 0 229 36
sb81 209 132 259 172
sb5 123 39 172 78
sb55 17 346 73 380
sb59 259 42 296 92
sb91 64 387 120 420
sb2 259 154 312 188
sb28 378 275 424 314
sb70 173 172 215 214
sb67 52 178 96 218
sb87 114 0 158 39
sb12 62 141 123 169
sb22 65 0 114 34
sb27 359 154 424 179
sb63 312 87 357 123
sb74 259 0 297 42
sb58 209 98 255 132
sb19 377 179 427 210
sb48 73 304 130 331
sb29 0 154 62 178
sb41 52 218 107 245
sb84 248 427 315 449
sb34 337 397 364 451
sb69 123 96 150 150
sb0 173 329 206 372
sb71 120 454 184 476
sb98 315 378 337 440
sb38 73 331 130 354
sb90 73 354 112 387
sb24 0 418 28 463
sb37 359 67 419 87
sb35 0 380 31 418
sb78 173 130 209 162
sb62 0 94 19 154
sb97 224 254 291 271
sb54 123 78 184 96
sb56 0 241 17 304
sb89 96 169 123 207
sb45 159 409 182 453
sb23 253 341 302 361
sb95 184 36 203 87
sb10 253 323 305 341
sb80 85 34 101 92
sb60 150 96 173 136
sb53 215 172 258 193
sb88 240 449 277 473
sb31 173 96 199 130
sb7 150 136 172 176
sb46 186 372 208 411
sb57 265 271 283 318
sb33 374 314 396 349
sb61 31 380 64 403
sb40 130 428 159 454
sb76 101 39 123 72
sb6 359 179 377 219
sb20 337 378 374 397
sb9 31 403 47 444
sb30 124 150 150 174
sb4 130 409 159 428
sb75 359 219 378 247
sb85 396 314 421 334
sb92 0 304 16 330
sb83 112 354 128 376
