2.22276
1.11621e+06
195139
427 457
77.3762
sb66 350 73 423 127
sb73 0 326 73 380
sb77 210 0 282 51
sb72 282 0 349 54
sb42 316 336 384 383
sb68 35 0 81 69
sb99 137 348 209 392
sb21 0 141 45 211
sb65 286 54 348 104
sb8 382 0 427 68
sb44 286 104 328 175
sb49 385 339 427 410
sb15 381 256 427 320
sb17 137 309 209 348
sb39 181 75 227 135
sb43 202 266 269 307
sb13 239 412 301 455
sb14 385 187 423 256
sb82 316 415 378 457
sb96 63 384 135 420
sb36 99 79 134 152
sb3 349 0 382 73
sb18 325 241 381 284
sb79 0 228 36 294
sb52 227 75 286 115
sb1 66 293 137 326
sb64 139 71 181 126
sb94 66 212 102 276
sb11 202 212 266 247
sb32 152 0 210 38
sb93 193 165 264 196
sb26 35 69 95 105
sb51 118 0 152 62
sb25 67 420 126 455
sb47 45 141 74 212
sb50 0 48 28 121
sb86 30 380 63 441
sb16 316 383 378 415
sb81 35 105 90 141
sb5 129 229 182 264
sb55 137 426 198 456
sb59 253 379 308 412
sb91 137 280 198 309
sb28 275 250 325 285
sb2 227 135 285 165
sb67 275 214 323 250
sb70 325 284 371 321
sb87 0 0 35 48
sb12 36 228 61 295
sb22 0 380 30 433
sb63 378 410 427 442
sb74 137 392 183 426
sb27 328 104 350 175
sb58 123 152 173 182
sb48 214 51 276 75
sb19 209 401 236 456
sb41 325 217 385 241
sb29 102 211 123 279
sb69 209 324 268 348
sb34 99 152 123 211
sb84 202 247 275 266
sb0 269 312 316 341
sb71 123 210 193 229
sb98 266 175 334 194
sb38 152 51 214 71
sb24 123 182 172 207
sb90 384 127 413 169
sb37 0 295 66 313
sb62 209 348 275 365
sb35 275 285 316 312
sb97 134 135 207 150
sb78 353 167 381 206
sb54 0 441 67 457
sb56 316 321 385 336
sb89 275 341 316 365
sb45 182 229 202 277
sb23 81 0 99 53
sb95 209 307 265 324
sb10 0 212 57 228
sb80 66 279 129 293
sb60 266 194 310 214
sb31 73 326 110 349
sb53 74 141 92 188
sb88 73 363 113 384
sb7 209 365 253 384
sb57 193 196 244 212
sb46 334 175 353 217
sb33 99 0 118 38
sb61 227 115 263 135
sb40 353 144 384 167
sb6 137 264 181 280
sb76 385 320 421 339
sb20 99 62 139 79
sb9 253 365 298 379
sb30 172 182 193 210
sb4 353 127 384 144
sb75 209 384 239 401
sb85 384 169 411 187
sb92 73 349 101 363
sb83 113 326 137 340
