2.2511
1.12747e+06
196977
381 517
113.189
sb66 89 135 143 208
sb73 327 415 381 488
sb77 172 0 244 51
sb72 320 0 374 67
sb42 189 470 257 517
sb68 114 308 183 354
sb99 145 236 189 308
sb21 145 129 190 199
sb65 83 208 145 258
sb8 252 25 320 70
sb44 191 93 233 164
sb49 0 235 42 306
sb15 335 67 381 131
sb17 0 375 72 414
sb39 291 287 351 333
sb43 131 0 172 67
sb13 77 258 139 301
sb14 120 354 189 392
sb82 145 452 187 514
sb96 0 476 72 512
sb36 72 481 145 516
sb3 291 333 364 366
sb18 233 124 289 167
sb79 255 317 291 383
sb52 191 220 250 260
sb1 191 167 262 200
sb64 177 51 232 93
sb94 191 362 227 426
sb11 72 446 136 481
sb32 227 431 285 469
sb93 296 170 367 201
sb26 53 82 89 142
sb51 69 0 131 34
sb25 58 34 117 69
sb47 0 0 29 71
sb50 227 317 255 390
sb86 317 201 378 234
sb16 145 67 177 129
sb81 191 260 246 296
sb5 325 234 360 287
sb55 53 142 83 203
sb59 0 306 55 339
sb91 29 21 58 82
sb28 250 267 285 317
sb2 266 167 296 225
sb67 0 339 48 375
sb70 145 199 191 236
sb87 72 357 120 392
sb12 244 0 311 25
sb22 55 306 108 336
sb63 89 69 121 118
sb74 72 412 118 446
sb27 55 235 77 306
sb58 328 385 378 415
sb48 47 414 71 476
sb19 0 133 27 188
sb41 29 82 53 142
sb29 285 488 353 509
sb69 121 67 145 126
sb34 266 241 325 265
sb84 291 366 364 385
sb0 233 95 280 124
sb71 298 70 317 140
sb98 27 142 46 210
sb38 0 71 20 133
sb24 14 210 63 235
sb90 285 400 327 429
sb37 48 339 114 357
sb62 191 296 208 362
sb35 257 469 284 510
sb97 255 385 328 400
sb78 0 414 28 453
sb54 250 200 266 267
sb56 364 281 379 350
sb89 145 428 186 452
sb45 191 200 239 220
sb23 317 70 335 123
sb95 208 296 225 352
sb10 296 154 353 170
sb80 289 140 352 154
sb60 72 392 116 412
sb31 285 429 322 452
sb53 360 234 378 281
sb88 29 0 69 21
sb7 233 51 252 95
sb57 266 225 317 241
sb46 285 452 327 471
sb33 28 414 47 452
sb61 167 392 187 428
sb40 136 392 167 415
sb6 191 426 207 470
sb76 353 131 372 167
sb20 285 265 325 282
sb9 0 188 14 233
sb30 227 390 248 418
sb4 89 118 120 135
sb75 255 414 285 431
sb85 280 70 298 97
sb92 255 400 283 414
sb83 177 93 191 117
