2.25322
1.14007e+06
199408
412 484
107.842
sb66 0 0 73 54
sb73 119 120 173 193
sb77 178 54 229 126
sb72 178 0 245 54
sb42 247 33 294 101
sb68 178 126 247 172
sb99 278 440 350 484
sb21 69 313 139 358
sb65 341 253 403 303
sb8 350 350 395 418
sb44 0 203 42 274
sb49 279 398 350 440
sb15 73 0 119 64
sb17 0 401 39 473
sb39 0 305 60 351
sb43 73 358 140 399
sb13 347 181 409 224
sb14 266 128 304 197
sb82 39 401 81 463
sb96 0 54 72 90
sb36 0 366 73 401
sb3 178 172 251 205
sb18 223 332 279 375
sb79 80 64 116 130
sb52 153 420 212 460
sb1 245 0 316 33
sb64 279 356 334 398
sb94 151 257 215 293
sb11 186 355 221 419
sb32 365 30 403 88
sb93 0 274 71 305
sb26 119 0 155 60
sb51 350 450 412 484
sb25 119 60 154 119
sb47 329 224 400 253
sb50 240 304 313 332
sb86 304 100 337 161
sb16 350 418 412 450
sb81 356 107 392 162
sb5 100 428 153 463
sb55 156 356 186 417
sb59 223 375 278 408
sb91 304 57 365 86
sb28 273 268 323 303
sb2 215 274 273 304
sb67 80 130 116 178
sb70 0 166 46 203
sb87 218 239 266 274
sb12 304 161 329 228
sb22 354 0 407 30
sb63 119 193 168 225
sb74 221 408 255 454
sb27 46 166 68 237
sb58 350 320 400 350
sb48 279 332 341 356
sb19 247 101 302 128
sb41 294 33 354 57
sb29 283 197 304 265
sb69 21 142 80 166
sb34 153 460 212 484
sb84 255 408 274 481
sb0 81 399 128 428
sb71 337 88 407 107
sb98 337 107 356 175
sb38 71 251 91 313
sb24 21 90 70 115
sb90 212 454 254 483
sb37 39 464 105 482
sb62 266 197 283 263
sb35 21 115 62 142
sb97 68 178 83 251
sb78 169 293 208 321
sb54 151 241 218 257
sb56 0 351 69 366
sb89 107 261 148 285
sb45 178 205 226 225
sb23 156 321 209 339
sb95 313 303 369 320
sb10 91 178 107 235
sb80 168 225 231 239
sb60 107 241 151 261
sb31 155 0 178 37
sb53 323 253 341 300
sb88 0 90 21 130
sb7 356 162 400 181
sb57 140 312 156 363
sb46 127 293 169 312
sb33 155 37 174 75
sb61 91 285 127 305
sb40 209 304 240 327
sb6 116 225 160 241
sb76 81 428 100 464
sb20 304 228 321 268
sb9 154 75 168 120
sb30 128 399 156 420
sb4 46 237 63 268
sb75 156 339 186 356
sb85 329 175 347 202
sb92 209 327 223 355
sb83 304 86 328 100
