1.81058
434066
455751
711 641
24.4503
sb0 459 0 543 105
sb35 0 357 79 460
sb84 37 0 119 94
sb21 0 460 68 563
sb25 174 0 268 73
sb27 81 387 148 489
sb4 644 204 711 305
sb15 158 531 222 636
sb68 0 231 81 312
sb71 575 441 649 529
sb76 68 489 156 563
sb89 575 529 649 617
sb95 274 515 362 589
sb91 438 150 521 227
sb38 306 412 401 478
sb75 343 0 402 105
sb90 649 510 708 615
sb44 148 420 241 486
sb52 269 162 348 237
sb80 269 0 343 79
sb22 475 569 563 635
sb17 602 150 705 204
sb39 119 0 174 101
sb57 565 228 644 298
sb42 382 227 475 286
sb59 543 0 608 82
sb64 575 370 649 441
sb30 608 100 710 150
sb48 0 175 90 231
sb36 68 563 158 619
sb23 402 0 459 88
sb18 512 413 575 492
sb79 543 82 602 166
sb56 373 318 444 385
sb33 401 430 457 513
sb93 37 94 94 175
sb13 222 540 267 641
sb61 306 346 373 412
sb60 397 555 463 622
sb20 174 73 269 117
sb47 331 105 420 150
sb7 608 0 648 100
sb50 475 227 527 302
sb70 246 356 306 418
sb28 151 381 246 420
sb5 81 335 151 387
sb29 274 478 370 515
sb78 475 521 548 569
sb49 475 413 512 507
sb55 382 150 438 212
sb62 269 79 331 135
sb87 0 312 77 357
sb83 269 237 346 282
sb97 649 435 695 510
sb81 521 166 596 212
sb43 119 101 156 194
sb99 527 212 565 300
sb11 156 117 244 155
sb65 475 339 520 413
sb73 649 305 694 379
sb54 565 298 639 343
sb53 401 385 475 430
sb86 156 486 230 531
sb92 648 0 709 54
sb88 206 232 260 293
sb31 0 0 37 89
sb77 246 418 305 472
sb74 206 178 265 232
sb37 168 178 206 258
sb96 168 293 215 357
sb8 348 150 382 238
sb72 215 293 260 356
sb9 370 517 440 555
sb19 520 343 614 370
sb63 94 245 139 301
sb67 230 486 274 540
sb3 438 128 543 150
sb58 444 286 471 369
sb12 362 555 397 618
sb34 94 217 167 245
sb1 156 155 241 178
sb2 459 105 542 128
sb16 475 302 522 339
sb24 163 357 235 381
sb41 94 194 168 217
sb26 382 286 435 318
sb51 310 302 355 339
sb66 265 282 310 319
sb46 269 135 330 162
sb32 94 301 142 335
sb69 512 492 566 521
sb85 346 238 369 302
sb10 649 379 672 435
sb82 274 589 318 616
sb98 265 319 309 346
sb6 520 370 547 409
sb40 370 478 393 517
sb45 244 117 269 150
sb14 139 245 163 275
sb94 602 204 630 228
