1.82874
439283
452412
708 639
21.231
sb0 521 322 626 406
sb68 545 0 628 100
sb58 0 159 100 242
sb35 212 487 315 566
sb62 353 0 419 120
sb97 626 276 708 370
sb94 484 78 536 222
sb21 212 566 315 634
sb25 0 317 73 411
sb27 158 254 225 356
sb4 628 0 695 101
sb15 551 574 656 638
sb52 0 457 82 538
sb50 272 0 353 81
sb59 515 406 581 504
sb38 177 0 272 66
sb44 112 79 178 172
sb61 102 0 177 79
sb92 0 242 79 317
sb22 182 66 248 154
sb89 158 356 218 450
sb17 315 585 418 639
sb39 619 437 674 538
sb42 545 100 604 193
sb78 257 134 339 199
sb98 419 107 484 189
sb30 521 272 623 322
sb48 101 576 191 632
sb36 0 583 90 639
sb23 45 0 102 88
sb18 631 101 694 180
sb75 252 400 312 481
sb53 453 515 513 596
sb76 551 504 619 574
sb72 45 88 112 159
sb73 182 154 257 216
sb82 453 440 515 515
sb33 225 267 308 323
sb87 352 439 424 503
sb13 0 538 101 583
sb64 626 370 692 437
sb54 145 510 212 576
sb95 469 222 521 303
sb93 75 340 156 392
sb74 426 388 507 440
sb20 225 223 320 267
sb47 112 210 157 299
sb7 382 292 422 392
sb51 347 174 401 244
sb84 225 346 295 400
sb28 424 293 463 388
sb5 419 0 471 70
sb56 463 303 519 368
sb29 340 548 436 585
sb49 158 450 252 487
sb63 0 0 45 77
sb81 0 411 75 457
sb43 117 392 154 485
sb79 0 77 44 155
sb11 513 515 551 603
sb55 424 219 469 293
sb67 352 503 426 548
sb85 484 24 545 78
sb70 312 362 373 416
sb31 315 439 352 528
sb90 626 217 680 276
sb37 581 406 619 486
sb8 453 603 541 637
sb71 82 485 145 530
sb77 353 120 403 174
sb9 112 172 182 210
sb19 426 440 453 534
sb3 521 222 626 244
sb57 604 101 631 184
sb12 82 392 117 455
sb34 521 244 594 272
sb1 225 323 310 346
sb2 75 317 158 340
sb16 419 70 466 107
sb24 310 338 382 362
sb41 312 416 386 439
sb26 272 81 304 134
sb46 320 199 347 260
sb32 218 400 252 448
sb96 545 193 602 221
sb66 350 244 377 303
sb88 377 244 409 292
sb91 157 216 197 254
sb10 156 487 212 510
sb6 308 284 347 311
sb60 401 189 434 219
sb83 340 311 379 335
sb80 257 199 296 223
sb65 602 193 641 217
sb40 304 81 327 120
sb45 315 528 340 561
sb69 310 311 340 338
sb86 434 189 464 216
sb14 320 260 350 284
sb99 471 0 499 24
