667379.000000
612740.000000
722018.000000
887 814
178.561258
sb0 48 0 163 75
sb1 794 307 887 327
sb2 558 189 649 209
sb3 394 372 413 487
sb4 695 354 755 465
sb5 621 210 667 287
sb6 255 345 279 387
sb7 518 574 554 684
sb8 0 736 96 766
sb9 554 671 588 748
sb10 161 191 222 211
sb11 0 702 96 736
sb12 662 354 693 423
sb13 628 562 668 673
sb14 413 378 434 411
sb15 48 75 163 132
sb16 297 90 348 123
sb17 0 113 48 226
sb18 225 488 311 544
sb19 755 402 858 426
sb20 397 663 436 767
sb21 88 438 149 551
sb22 0 273 96 332
sb23 187 559 238 655
sb24 239 601 260 680
sb25 406 0 509 65
sb26 778 594 836 622
sb27 280 754 392 814
sb28 759 217 794 321
sb29 0 597 33 702
sb30 437 529 549 574
sb31 678 321 775 354
sb32 367 663 397 715
sb33 508 136 558 227
sb34 178 731 203 811
sb35 0 332 71 445
sb36 33 550 83 649
sb37 306 720 394 754
sb38 636 423 695 527
sb39 640 0 751 49
sb40 436 742 478 762
sb41 96 236 177 256
sb42 559 103 661 156
sb43 0 495 33 597
sb44 676 534 778 593
sb45 355 92 377 128
sb46 253 464 320 488
sb47 257 0 297 97
sb48 554 528 604 627
sb49 559 156 662 189
sb50 713 653 772 726
sb51 559 0 640 40
sb52 149 519 218 559
sb53 537 307 615 367
sb54 183 211 207 275
sb55 778 622 847 713
sb56 436 694 460 742
sb57 545 423 634 477
sb58 0 766 77 814
sb59 604 505 633 556
sb60 604 556 628 628
sb61 789 426 837 503
sb62 508 107 559 136
sb63 790 713 856 809
sb64 481 710 554 813
sb65 161 167 235 191
sb66 559 40 640 103
sb67 290 266 379 338
sb68 233 92 257 125
sb69 750 167 821 217
sb70 585 383 662 423
sb71 315 165 338 196
sb72 468 355 537 446
sb73 397 767 479 808
sb74 667 217 759 270
sb75 509 0 559 68
sb76 146 643 182 670
sb77 220 319 262 340
sb78 505 446 545 527
sb79 434 378 461 414
sb80 668 593 708 654
sb81 96 758 178 813
sb82 413 446 495 487
sb83 460 694 481 736
sb84 297 0 355 90
sb85 238 544 344 601
sb86 367 348 431 372
sb87 71 408 134 438
sb88 48 132 121 235
sb89 775 327 885 369
sb90 394 487 433 572
sb91 121 132 161 209
sb92 755 369 887 402
sb93 255 387 303 464
sb94 257 97 293 124
sb95 161 143 233 167
sb96 476 613 518 646
sb97 203 750 280 811
sb98 96 697 173 758
sb99 196 340 255 428
sb100 163 0 253 92
sb101 662 128 717 165
sb102 224 703 260 744
sb103 235 165 295 244
sb104 337 458 394 518
sb105 738 49 825 119
sb106 262 319 290 345
sb107 183 275 220 330
sb108 604 477 636 505
sb109 84 551 127 639
sb110 207 211 235 262
sb111 537 367 585 422
sb112 413 414 464 442
sb113 573 209 612 243
sb114 678 270 756 309
sb115 490 227 573 298
sb116 149 438 188 519
sb117 344 518 390 544
sb118 431 323 468 378
sb119 355 0 401 64
sb120 196 428 225 491
sb121 588 733 665 812
sb122 397 113 457 166
sb123 71 332 135 408
sb124 355 64 406 92
sb125 437 613 476 694
sb126 661 49 738 128
sb127 379 284 425 348
sb128 573 243 621 307
sb129 462 68 544 107
sb130 837 426 887 514
sb131 588 673 660 733
sb132 188 491 222 515
sb133 708 726 790 814
sb134 462 107 508 168
sb135 665 726 708 814
sb136 303 374 393 458
sb137 837 514 885 602
sb138 433 487 505 529
sb139 401 168 484 239
sb140 260 601 310 689
sb141 295 199 341 263
sb142 738 119 826 167
sb143 779 503 830 594
sb144 668 654 713 726
sb145 413 239 490 275
sb146 708 593 778 653
sb147 367 606 428 663
sb148 225 428 253 485
sb149 163 92 233 143
sb150 636 527 676 562
sb151 437 574 515 613
sb152 826 116 887 210
sb153 33 495 84 550
sb154 135 344 196 438
sb155 311 488 337 516
sb156 342 128 397 189
sb157 233 125 342 165
sb158 96 256 166 296
sb159 260 689 306 750
sb160 662 167 750 210
sb161 364 544 392 601
sb162 425 275 486 323
sb163 344 544 364 578
sb164 406 65 462 113
sb165 615 348 655 383
sb166 310 601 367 629
sb167 310 629 361 720
sb168 476 646 510 686
sb169 751 0 864 48
sb170 146 612 187 643
sb171 695 466 779 534
sb172 847 602 887 711
sb173 173 703 224 731
sb174 290 338 367 374
sb175 554 628 615 671
sb176 755 426 789 466
sb177 549 477 604 528
sb178 220 262 290 319
sb179 182 655 239 703
sb180 121 211 183 236
sb181 486 298 537 355
sb182 554 748 587 791
sb183 33 649 146 697
sb184 377 189 401 223
sb185 392 572 437 606
sb186 96 296 135 330
sb187 0 445 88 495
sb188 518 684 546 710
sb189 341 189 377 266
sb190 0 235 68 273
sb191 135 296 183 344
sb192 311 516 337 544
sb193 794 217 886 307
sb194 295 165 315 199
sb195 621 287 678 348
sb196 826 48 864 116
sb197 0 0 48 113
sb198 379 239 413 284
sb199 127 559 187 612
