1.56092
675828
231235
515 449
34.4529
sb64 366 98 413 146
sb163 228 0 275 46
sb13 300 12 348 57
sb59 320 57 366 103
sb15 416 301 462 346
sb143 253 46 299 90
sb129 449 0 495 44
sb130 70 0 115 44
sb101 70 78 118 118
sb154 87 367 129 411
sb179 141 60 182 105
sb194 284 272 327 314
sb193 184 91 226 134
sb85 388 225 436 262
sb28 366 33 404 79
sb21 469 76 508 120
sb62 436 192 481 229
sb197 364 324 399 371
sb67 166 341 210 378
sb84 64 146 101 189
sb9 182 378 228 412
sb116 327 267 364 309
sb191 478 248 515 290
sb145 404 0 449 34
sb12 0 266 42 302
sb10 481 181 513 226
sb121 451 44 496 76
sb2 228 144 263 185
sb71 194 16 228 58
sb50 67 274 109 307
sb118 462 301 501 336
sb43 47 328 87 362
sb199 132 358 166 398
sb165 267 168 300 209
sb106 248 282 282 321
sb105 436 270 478 301
sb25 261 90 297 126
sb51 90 319 117 367
sb122 141 105 184 135
sb169 154 237 200 265
sb39 154 168 184 210
sb190 228 391 262 428
sb142 154 210 200 237
sb49 67 243 107 274
sb91 150 16 194 44
sb88 182 412 225 440
sb113 462 336 490 379
sb171 166 280 201 314
sb40 70 118 111 146
sb96 42 220 67 265
sb61 241 340 275 373
sb146 364 290 397 324
sb72 132 325 166 358
sb78 110 224 136 267
sb115 191 134 228 164
sb152 366 0 399 33
sb5 353 197 388 228
sb90 388 262 433 286
sb26 278 397 303 440
sb126 185 164 223 192
sb82 182 58 214 91
sb60 363 390 398 420
sb103 0 234 32 266
sb139 236 206 267 239
sb22 200 226 226 265
sb110 87 411 131 434
sb92 46 0 70 42
sb23 22 338 47 378
sb52 454 148 481 185
sb170 441 407 486 429
sb65 315 185 348 215
sb66 424 117 455 148
sb188 0 420 40 444
sb102 325 366 363 391
sb168 300 107 337 132
sb20 327 309 360 337
sb173 22 378 44 420
sb57 436 229 484 248
sb93 47 307 90 328
sb128 22 302 47 338
sb104 228 46 253 82
sb195 388 146 424 171
sb95 416 346 441 382
sb117 166 317 203 341
sb198 436 248 476 270
sb159 118 147 154 171
sb164 300 132 332 159
sb119 263 144 299 168
sb38 228 90 261 116
sb17 481 155 514 181
sb87 229 321 274 340
sb141 132 398 166 423
sb3 236 264 283 282
sb68 315 161 350 185
sb42 306 382 325 426
sb4 115 46 141 78
sb112 348 0 366 46
sb156 47 362 66 404
sb58 486 379 505 420
sb172 135 280 166 305
sb114 353 147 372 186
sb1 383 427 422 446
sb99 346 420 383 440
sb32 67 220 99 243
sb144 0 0 29 25
sb69 315 215 353 234
sb34 366 79 404 98
sb107 228 375 273 391
sb131 200 206 236 226
sb46 267 209 315 224
sb83 388 171 407 208
sb79 363 371 400 390
sb97 110 267 135 295
sb54 284 329 327 345
sb73 46 42 64 80
sb100 296 357 323 382
sb120 29 189 74 204
sb138 439 80 469 102
sb167 117 319 131 366
sb177 323 345 354 366
sb33 118 171 154 189
sb18 300 73 319 107
sb81 114 204 146 224
sb181 424 75 439 117
sb48 364 245 388 271
sb196 490 336 506 375
sb186 236 239 284 252
sb75 115 0 138 27
sb189 135 305 166 325
sb192 201 265 229 287
sb132 262 397 278 435
sb55 101 146 114 192
sb183 398 390 414 427
sb31 138 0 175 16
sb161 308 248 339 267
sb7 325 420 346 448
sb0 228 128 264 144
sb86 284 248 308 272
sb185 350 103 363 147
sb135 284 314 321 329
sb56 424 148 449 170
sb127 110 295 132 319
sb187 0 302 22 326
sb63 481 120 496 155
sb74 332 132 350 161
sb45 372 160 386 197
sb27 72 434 106 449
sb124 397 286 436 299
sb11 42 265 56 301
sb157 293 0 335 12
sb70 284 234 320 248
sb125 275 0 293 28
sb174 47 404 72 424
sb35 273 382 306 397
sb149 70 44 92 66
sb153 136 224 148 264
sb8 154 265 186 280
sb158 353 228 381 245
sb134 325 391 341 420
sb30 164 135 191 152
sb136 364 271 388 290
sb123 414 382 427 417
sb29 283 345 320 357
sb160 439 44 451 80
sb166 74 192 110 204
sb44 42 204 69 220
sb151 455 120 471 147
sb148 407 171 424 196
sb89 229 340 241 375
sb98 404 59 430 75
sb175 130 135 164 147
sb180 228 185 247 206
sb108 236 252 269 264
sb137 0 326 22 344
sb182 118 78 130 111
sb16 436 170 454 192
sb150 29 204 42 234
sb77 166 378 182 402
sb184 397 299 416 319
sb6 407 196 420 225
sb14 404 34 419 59
sb24 118 189 143 204
sb147 228 116 259 128
sb162 201 287 213 317
sb19 138 16 150 46
sb37 164 152 185 168
sb36 462 379 474 407
sb47 320 234 343 248
sb178 300 57 320 73
sb176 228 428 248 444
sb53 29 0 46 18
sb109 343 245 355 267
sb41 187 0 203 16
sb94 150 44 165 60
sb111 283 357 296 375
sb80 399 319 414 333
sb140 236 282 248 298
sb133 372 146 384 160
sb76 213 287 227 299
sb155 175 0 187 13
