1.85803
2.03333e+06
228032
448 509
99.6685
sb64 34 84 86 126
sb163 154 155 195 206
sb13 166 333 206 385
sb59 179 0 220 50
sb15 79 44 129 84
sb143 114 459 164 498
sb129 168 116 218 155
sb130 409 134 448 183
sb101 324 397 360 449
sb154 249 67 286 115
sb179 327 156 376 192
sb194 119 0 166 37
sb193 385 21 432 58
sb85 108 84 141 136
sb28 390 273 440 307
sb21 267 239 315 274
sb62 409 85 442 134
sb67 187 50 220 98
sb197 210 389 241 440
sb84 376 124 409 171
sb191 414 449 447 495
sb116 267 274 300 320
sb9 195 155 225 205
sb12 235 250 267 296
sb145 390 317 439 347
sb2 97 248 142 279
sb71 295 95 325 141
sb121 50 307 99 335
sb10 10 382 38 431
sb50 415 183 444 229
sb199 99 309 143 339
sb43 133 429 177 459
sb165 141 54 186 83
sb118 281 427 323 458
sb122 52 0 99 27
sb106 220 0 262 30
sb169 34 217 84 242
sb51 268 333 320 357
sb25 295 56 327 95
sb39 421 376 448 422
sb105 60 242 87 288
sb190 109 279 149 309
sb91 285 204 333 229
sb142 10 49 34 99
sb49 377 58 421 85
sb88 37 481 84 506
sb113 325 95 350 142
sb171 38 396 68 434
sb40 34 37 79 62
sb78 10 242 57 265
sb115 10 299 50 326
sb96 345 463 394 485
sb146 0 453 37 482
sb72 23 0 52 37
sb61 350 95 387 124
sb152 245 431 281 460
sb26 286 34 333 56
sb90 300 274 349 295
sb5 151 206 178 244
sb60 350 57 377 95
sb126 225 296 266 321
sb82 99 398 127 434
sb103 64 352 99 380
sb65 99 339 135 366
sb139 286 0 322 27
sb23 135 385 157 429
sb92 300 295 346 316
sb22 285 159 327 182
sb110 245 460 265 508
sb52 333 192 373 216
sb170 60 288 109 307
sb188 324 449 345 493
sb66 171 278 198 312
sb102 238 179 279 201
sb20 259 115 295 140
sb57 149 333 166 385
sb168 238 201 278 223
sb173 10 434 56 453
sb195 21 277 60 299
sb104 97 226 136 248
sb95 171 256 210 278
sb128 177 440 216 462
sb93 56 434 74 481
sb164 225 144 249 179
sb117 247 378 268 418
sb198 360 388 379 432
sb87 50 335 99 352
sb17 392 183 415 219
sb38 128 185 151 221
sb159 359 252 398 273
sb119 356 0 395 21
sb3 38 380 89 396
sb42 320 333 337 381
sb141 164 462 201 484
sb4 210 366 245 389
sb112 235 223 285 239
sb68 281 458 302 496
sb156 45 171 62 217
sb58 268 357 313 374
sb172 99 376 133 398
sb99 225 321 265 339
sb114 379 388 421 405
sb1 374 347 416 364
sb131 268 374 307 392
sb32 195 221 215 256
sb69 97 172 114 213
sb34 129 37 170 54
sb107 265 460 279 509
sb144 220 45 251 67
sb83 415 229 432 269
sb79 79 27 119 44
sb46 333 44 385 57
sb97 360 315 390 337
sb54 378 171 392 218
sb73 313 381 354 397
sb100 285 182 314 204
sb120 10 0 23 49
sb81 212 98 247 116
sb18 210 349 247 366
sb138 168 83 187 116
sb33 360 432 399 448
sb189 322 16 356 34
sb167 374 364 425 376
sb177 45 126 63 160
sb181 324 493 370 506
sb196 372 273 386 315
sb48 218 116 239 144
sb75 151 244 171 273
sb161 63 126 97 143
sb132 114 185 128 226
sb186 34 126 45 178
sb192 99 434 129 453
sb31 432 229 446 269
sb183 379 405 419 419
sb55 274 416 324 427
sb0 10 343 24 382
sb86 149 312 175 333
sb7 302 458 320 488
sb185 198 278 209 326
sb135 114 172 154 185
sb56 149 273 168 300
sb74 325 239 341 270
sb63 201 462 239 475
sb127 359 216 378 242
sb187 259 153 278 179
sb174 295 141 322 159
sb27 166 0 179 37
sb125 84 457 114 473
sb45 360 376 400 388
sb35 259 140 295 153
sb11 404 495 443 507
sb70 21 265 60 277
sb124 97 84 108 126
sb157 359 242 405 252
sb149 349 273 368 297
sb8 84 422 97 457
sb158 399 419 414 449
sb136 74 396 91 422
sb153 315 229 359 239
sb30 220 30 249 45
sb134 33 352 64 366
sb123 327 57 338 95
sb151 166 385 195 399
sb44 135 339 149 368
sb148 360 448 387 463
sb29 225 196 235 236
sb98 322 142 350 156
sb180 10 326 33 343
sb160 219 339 258 349
sb166 258 339 268 378
sb137 322 0 346 16
sb16 195 205 219 221
sb89 390 307 428 317
sb184 300 316 322 333
sb175 274 392 311 402
sb77 346 297 372 311
sb150 45 160 78 171
sb108 108 136 118 172
sb182 99 366 135 376
sb14 424 422 437 449
sb24 247 418 274 431
sb6 235 239 266 250
sb147 394 449 404 483
sb19 267 320 300 330
sb162 315 239 325 272
sb37 154 83 168 106
sb178 360 347 374 369
sb176 274 402 296 416
sb47 187 98 212 110
sb36 333 34 363 44
sb53 416 347 435 362
sb109 414 422 424 446
sb41 392 219 409 233
sb94 225 179 238 196
sb111 10 265 21 284
sb80 379 419 395 431
sb140 0 0 10 17
sb133 262 0 272 15
sb76 360 337 375 347
sb155 249 115 259 129
