1.84811
2.02624e+06
225765
435 519
104.13
sb64 357 477 409 519
sb163 0 469 51 510
sb13 284 162 336 202
sb59 353 195 403 236
sb15 391 321 431 371
sb143 0 401 39 451
sb129 164 468 203 518
sb130 10 0 49 49
sb101 73 446 125 482
sb154 354 25 402 62
sb179 149 67 198 103
sb194 138 354 185 391
sb193 106 296 153 333
sb85 164 0 216 33
sb28 258 0 308 34
sb21 94 218 142 253
sb62 308 468 357 501
sb67 365 265 413 298
sb197 230 195 281 226
sb84 39 192 86 225
sb191 385 132 431 165
sb116 280 129 326 162
sb9 50 106 80 156
sb12 377 371 409 417
sb145 229 269 259 318
sb2 258 34 303 65
sb71 205 329 251 359
sb121 169 245 218 273
sb10 403 417 431 466
sb50 283 100 329 129
sb199 313 438 357 468
sb43 230 151 260 195
sb165 10 157 39 202
sb118 205 359 247 390
sb122 39 373 86 400
sb106 385 165 427 195
sb169 329 103 379 128
sb51 313 337 365 361
sb25 154 315 186 354
sb39 73 400 100 446
sb105 253 105 280 151
sb190 253 65 283 105
sb91 106 271 154 296
sb142 154 291 204 315
sb49 284 378 311 422
sb88 59 253 106 278
sb113 308 0 355 25
sb171 54 288 92 318
sb40 202 47 227 92
sb78 230 64 253 111
sb115 308 25 335 65
sb96 328 378 377 400
sb146 284 431 313 468
sb72 214 411 243 448
sb61 113 403 142 440
sb152 365 236 401 265
sb26 379 98 426 120
sb90 138 129 187 150
sb5 142 218 180 245
sb60 32 235 59 273
sb126 303 75 344 100
sb82 272 292 300 328
sb103 344 75 379 103
sb65 125 454 152 490
sb139 230 226 266 253
sb23 186 103 230 125
sb92 306 246 327 292
sb22 216 0 258 23
sb110 94 159 114 207
sb52 49 0 73 40
sb170 214 448 233 497
sb188 190 149 211 193
sb66 266 229 300 256
sb102 357 455 398 477
sb20 379 62 404 98
sb57 251 329 303 346
sb168 266 256 306 278
sb173 328 400 374 419
sb195 39 49 78 71
sb104 32 273 54 312
sb95 10 235 32 274
sb128 151 174 190 196
sb93 186 315 204 362
sb164 187 125 222 149
sb117 233 448 254 488
sb198 341 236 360 280
sb87 251 386 268 435
sb17 190 193 226 216
sb38 50 156 73 192
sb159 32 335 71 356
sb119 203 390 242 411
sb3 39 410 55 461
sb42 147 0 164 48
sb141 357 419 394 441
sb4 365 298 400 321
sb112 10 88 26 138
sb68 154 417 192 438
sb156 409 371 426 417
sb58 51 461 68 506
sb172 92 333 126 355
sb99 251 346 269 386
sb114 130 0 147 42
sb1 154 438 196 455
sb131 341 280 359 319
sb32 50 71 70 106
sb69 92 358 133 375
sb34 303 361 344 378
sb107 86 375 135 389
sb144 254 490 285 512
sb83 107 97 124 137
sb79 404 0 421 40
sb46 281 216 333 229
sb97 10 371 32 401
sb54 313 323 360 337
sb73 70 71 111 87
sb100 365 340 387 369
sb120 180 216 229 229
sb81 59 225 94 243
sb18 54 318 91 335
sb138 324 419 357 438
sb33 10 49 26 88
sb189 269 346 303 364
sb167 403 195 415 246
sb177 169 273 203 291
sb181 100 389 113 435
sb196 421 0 435 42
sb48 313 302 341 323
sb75 333 202 353 231
sb161 39 356 73 373
sb132 413 246 427 287
sb186 94 207 146 218
sb192 111 0 130 30
sb31 130 78 144 118
sb183 260 278 300 292
sb55 39 71 50 121
sb0 142 403 181 417
sb86 142 245 163 271
sb7 0 451 30 469
sb185 138 118 186 129
sb135 164 455 204 468
sb56 233 488 252 515
sb74 111 30 127 61
sb63 94 97 107 135
sb127 147 48 173 67
sb187 365 321 391 340
sb174 124 177 151 195
sb27 366 142 379 179
sb125 230 253 260 269
sb45 379 120 419 132
sb35 367 441 403 454
sb11 135 391 174 403
sb70 268 468 307 480
sb124 218 318 260 329
sb157 308 65 354 75
sb149 10 138 34 157
sb8 336 128 349 163
sb158 306 231 336 246
sb136 311 378 328 404
sb153 264 480 308 490
sb30 10 356 39 371
sb134 151 160 182 174
sb123 164 33 202 44
sb151 285 490 299 519
sb44 125 440 154 454
sb148 336 163 363 178
sb29 10 225 50 235
sb98 124 149 138 177
sb180 227 47 250 64
sb160 303 302 313 341
sb166 151 150 190 160
sb137 268 386 284 410
sb16 55 410 71 434
sb89 268 410 278 448
sb184 107 137 124 159
sb175 59 278 96 288
sb77 202 33 228 47
sb150 192 389 203 422
sb108 349 132 385 142
sb182 154 455 164 491
sb14 311 404 324 431
sb24 192 362 205 389
sb6 127 118 138 149
sb147 39 400 73 410
sb19 300 292 333 302
sb162 204 411 214 444
sb37 260 172 274 195
sb178 284 202 306 216
sb176 299 501 321 515
sb47 126 333 138 358
sb36 254 435 264 465
sb53 154 271 169 290
sb109 260 162 284 172
sb41 349 142 366 156
sb94 353 178 366 195
sb111 130 67 149 78
sb80 260 292 272 308
sb140 94 87 111 97
sb133 204 273 214 288
sb76 0 0 10 15
sb155 357 441 367 455
