1.8415
2.03665e+06
224640
360 624
95.5356
sb64 31 119 73 171
sb163 67 321 118 362
sb13 286 39 338 79
sb59 10 478 51 528
sb15 57 362 97 412
sb143 49 219 88 269
sb129 160 69 199 119
sb130 247 551 296 590
sb101 62 445 98 497
sb154 157 489 205 526
sb179 45 0 94 36
sb194 278 79 325 116
sb193 266 247 313 284
sb85 10 445 62 478
sb28 105 449 139 499
sb21 67 286 115 321
sb62 163 526 212 559
sb67 326 484 359 532
sb197 157 458 208 489
sb84 21 393 54 440
sb191 0 555 46 588
sb116 296 545 329 591
sb9 106 579 156 609
sb12 199 224 231 270
sb145 241 490 290 520
sb2 243 199 288 230
sb71 62 570 92 616
sb121 21 270 49 319
sb10 325 79 353 128
sb50 105 420 151 449
sb199 94 17 138 47
sb43 190 559 220 603
sb165 247 378 292 407
sb118 214 419 245 461
sb122 237 22 264 69
sb106 285 591 327 621
sb169 181 270 231 295
sb51 103 61 127 113
sb25 115 286 154 318
sb39 220 558 247 604
sb105 10 528 56 555
sb190 298 0 338 30
sb91 106 531 131 579
sb142 205 295 229 345
sb49 199 136 243 163
sb88 243 137 290 162
sb113 57 420 104 445
sb171 290 447 320 485
sb40 291 313 336 338
sb78 138 41 185 64
sb115 290 495 317 535
sb96 231 277 253 326
sb146 62 497 91 534
sb72 288 169 317 206
sb61 323 270 360 299
sb152 88 189 117 225
sb26 329 128 351 175
sb90 135 165 156 214
sb5 247 590 285 617
sb60 247 434 274 472
sb126 237 94 278 119
sb82 73 147 109 175
sb103 212 495 240 530
sb65 185 0 221 27
sb139 197 359 233 386
sb23 97 362 141 384
sb92 160 119 181 165
sb22 167 419 209 442
sb110 190 604 238 624
sb52 21 0 45 40
sb170 336 532 355 581
sb188 156 244 177 288
sb66 109 259 143 286
sb102 138 0 160 41
sb20 237 69 273 94
sb57 73 130 125 147
sb168 237 0 277 22
sb173 306 378 352 397
sb195 266 284 305 306
sb104 157 366 179 405
sb95 243 162 282 184
sb128 231 327 270 349
sb93 117 165 135 212
sb164 55 58 90 82
sb117 199 27 220 67
sb198 97 401 141 420
sb87 105 242 154 259
sb17 306 355 342 378
sb38 21 370 57 393
sb159 118 318 139 357
sb119 277 0 298 39
sb3 21 319 37 370
sb42 73 113 121 130
sb141 313 233 335 270
sb4 163 559 186 594
sb112 197 386 247 402
sb68 253 306 291 327
sb156 97 384 143 401
sb58 259 230 304 247
sb172 156 594 190 616
sb99 141 318 181 336
sb114 88 225 105 267
sb1 197 402 239 419
sb131 241 520 280 538
sb32 55 82 90 102
sb69 94 0 135 17
sb34 270 338 311 355
sb107 31 205 80 219
sb144 208 473 239 495
sb83 156 165 173 205
sb79 220 119 260 136
sb46 290 434 342 447
sb97 264 39 286 69
sb54 167 442 214 456
sb73 199 67 215 108
sb100 290 147 319 169
sb120 241 538 290 551
sb81 266 416 301 434
sb18 0 588 37 605
sb138 292 397 325 416
sb33 125 113 141 152
sb189 260 119 294 137
sb167 31 219 43 270
sb177 342 440 360 474
sb181 109 152 155 165
sb196 185 27 199 69
sb48 220 530 241 558
sb75 131 64 160 84
sb161 301 416 335 433
sb132 117 214 158 228
sb186 143 336 154 388
sb192 199 194 229 213
sb31 92 537 106 577
sb183 157 405 197 419
sb55 10 0 21 50
sb0 117 228 156 242
sb86 106 499 132 520
sb7 171 336 189 366
sb185 55 47 103 58
sb135 92 497 105 537
sb56 144 526 163 553
sb74 221 0 237 31
sb63 144 476 157 514
sb127 247 407 266 433
sb187 37 319 63 338
sb174 304 206 322 233
sb27 322 175 335 212
sb125 221 31 237 61
sb45 231 224 243 264
sb35 270 355 306 368
sb11 208 461 247 473
sb70 158 205 170 244
sb124 199 213 241 224
sb157 290 535 336 545
sb149 335 397 354 421
sb8 231 264 266 277
sb158 199 179 229 194
sb136 305 285 322 311
sb153 45 36 55 80
sb30 80 269 109 284
sb134 335 175 349 206
sb123 106 520 144 531
sb151 246 349 260 378
sb44 189 328 203 357
sb148 139 449 154 476
sb29 21 129 31 169
sb98 103 47 131 61
sb180 31 185 54 202
sb160 290 137 329 147
sb166 157 419 167 458
sb137 336 326 352 350
sb16 243 230 259 254
sb89 21 91 31 129
sb184 241 473 263 490
sb175 229 184 266 194
sb77 80 175 106 189
sb150 21 80 54 91
sb108 62 534 72 570
sb182 290 485 326 495
sb14 274 434 287 461
sb24 344 299 357 326
sb6 49 269 80 280
sb147 54 171 64 205
sb19 181 295 191 328
sb162 220 61 230 94
sb37 31 171 54 185
sb178 322 299 344 313
sb176 157 336 171 358
sb47 131 84 156 96
sb36 0 0 10 30
sb53 266 184 285 199
sb109 57 338 67 362
sb41 191 295 205 312
sb94 55 102 68 119
sb111 342 421 353 440
sb80 199 163 211 179
sb140 342 474 359 484
sb133 313 270 323 285
sb76 231 349 246 359
sb155 229 194 239 208
