1.85124
2.03045e+06
222740
430 518
69.9644
sb64 20 153 72 195
sb163 207 455 248 506
sb13 248 469 300 509
sb59 59 60 109 101
sb15 245 219 295 259
sb143 323 479 373 518
sb129 282 47 321 97
sb130 10 0 59 39
sb101 59 0 111 36
sb154 14 419 51 467
sb179 218 406 254 455
sb194 344 221 381 268
sb193 383 243 430 280
sb85 354 188 406 221
sb28 260 134 310 168
sb21 140 478 188 513
sb62 97 156 146 189
sb67 150 179 183 227
sb197 251 0 282 51
sb84 155 431 188 478
sb191 218 21 251 67
sb116 355 330 401 363
sb9 337 449 387 479
sb12 149 265 195 297
sb145 85 189 134 219
sb2 378 40 423 71
sb71 35 302 81 332
sb121 251 191 300 219
sb10 141 0 169 49
sb50 310 129 356 158
sb199 282 0 326 30
sb43 310 191 354 221
sb165 49 273 94 302
sb118 258 378 300 409
sb122 289 296 336 323
sb106 218 88 260 118
sb169 55 490 105 515
sb51 20 215 44 267
sb25 155 311 194 343
sb39 235 272 262 318
sb105 371 71 417 98
sb190 183 189 223 219
sb91 30 371 55 419
sb142 59 36 109 60
sb49 111 336 155 363
sb88 275 328 300 375
sb113 378 363 425 388
sb171 110 415 140 453
sb40 10 277 35 322
sb78 300 409 347 432
sb115 178 366 218 393
sb96 169 27 218 49
sb146 356 122 393 151
sb72 251 51 280 88
sb61 280 97 309 134
sb152 111 363 147 392
sb26 55 426 77 473
sb90 49 252 98 273
sb5 59 126 97 153
sb60 195 274 233 301
sb126 169 49 194 90
sb82 355 268 383 304
sb103 178 403 213 431
sb65 75 336 111 363
sb139 340 363 376 390
sb23 218 348 240 392
sb92 184 0 230 21
sb22 260 168 302 191
sb110 350 390 370 438
sb52 35 332 75 356
sb170 356 151 405 170
sb188 405 98 426 142
sb66 300 221 334 248
sb102 109 95 150 117
sb20 59 101 95 126
sb57 326 0 378 17
sb168 378 0 400 40
sb173 64 390 110 409
sb195 20 124 59 146
sb104 112 259 134 298
sb95 109 39 131 78
sb128 111 0 133 39
sb93 10 39 28 86
sb164 240 354 275 378
sb117 112 219 133 259
sb198 111 317 155 336
sb87 55 473 104 490
sb17 111 392 147 415
sb38 155 366 178 402
sb159 10 322 31 361
sb119 223 166 244 205
sb3 14 361 30 412
sb42 207 318 255 335
sb141 295 248 332 270
sb4 300 432 323 467
sb112 265 270 315 286
sb68 10 86 31 124
sb156 141 49 158 95
sb58 206 118 251 135
sb172 97 134 131 156
sb99 300 354 340 372
sb114 300 337 342 354
sb1 77 453 119 470
sb131 206 148 245 166
sb32 20 195 55 215
sb69 64 409 105 426
sb34 150 109 167 150
sb107 193 236 242 250
sb144 378 388 409 410
sb83 282 30 322 47
sb79 109 117 149 134
sb46 155 353 207 366
sb97 373 479 403 501
sb54 0 361 14 408
sb73 194 301 235 317
sb100 310 158 339 180
sb120 72 153 85 202
sb81 354 170 389 188
sb18 193 219 230 236
sb138 322 54 341 87
sb33 167 109 183 148
sb189 300 372 334 390
sb167 300 467 312 518
sb177 378 429 412 447
sb181 254 423 267 469
sb196 275 286 289 328
sb48 334 268 355 296
sb75 395 294 415 323
sb161 75 363 109 380
sb132 323 432 337 473
sb186 302 180 354 191
sb192 111 298 141 317
sb31 218 392 258 406
sb183 383 280 423 294
sb55 195 66 206 116
sb0 55 195 69 234
sb86 355 304 376 330
sb7 81 318 111 336
sb185 206 66 217 114
sb135 364 98 404 111
sb56 188 431 207 458
sb74 96 219 112 250
sb63 149 227 162 265
sb127 326 17 345 43
sb187 376 304 395 330
sb174 321 87 339 114
sb27 183 130 196 167
sb125 401 323 417 353
sb45 183 90 195 130
sb35 206 135 242 148
sb11 167 167 206 179
sb70 311 390 350 402
sb124 416 429 427 471
sb157 334 221 344 267
sb149 72 219 96 238
sb8 14 467 27 502
sb158 309 114 339 129
sb136 345 17 371 34
sb153 183 219 193 263
sb30 35 356 64 371
sb134 55 238 86 252
sb123 326 43 364 54
sb151 267 423 296 437
sb44 300 323 329 337
sb148 169 0 184 27
sb29 188 458 198 498
sb98 258 409 286 423
sb180 206 166 223 189
sb160 10 267 49 277
sb166 131 39 141 78
sb137 403 471 427 487
sb16 81 302 105 318
sb89 10 124 20 162
sb184 383 221 400 243
sb175 0 0 10 37
sb77 150 95 176 109
sb150 341 111 374 122
sb108 194 317 204 353
sb182 255 318 265 354
sb14 218 335 245 348
sb24 162 237 175 264
sb6 347 438 378 449
sb147 289 286 323 296
sb19 75 380 108 390
sb162 195 250 228 260
sb37 195 260 218 274
sb178 339 158 353 180
sb176 155 297 177 311
sb47 218 260 243 272
sb36 262 259 292 269
sb53 402 410 417 429
sb109 378 410 402 420
sb41 195 49 209 66
sb94 403 447 416 464
sb111 300 390 311 409
sb80 167 148 183 160
sb140 178 393 195 403
sb133 223 205 238 215
sb76 300 191 310 206
sb155 162 227 176 237
