1.86251
2.00264e+06
230560
440 524
76.9033
sb64 361 17 403 69
sb163 169 228 220 269
sb13 10 474 62 514
sb59 263 137 304 187
sb15 63 113 103 163
sb143 38 320 88 359
sb129 94 389 144 428
sb130 354 276 403 315
sb101 280 444 316 496
sb154 316 454 353 502
sb179 182 269 218 318
sb194 403 92 440 139
sb193 288 91 335 128
sb85 103 113 136 165
sb28 222 103 272 137
sb21 299 10 347 45
sb62 84 27 117 76
sb67 372 372 405 420
sb197 225 490 276 521
sb84 88 285 121 332
sb191 406 196 439 242
sb116 354 434 400 467
sb9 24 170 54 220
sb12 252 359 284 405
sb145 354 315 403 345
sb2 136 96 181 127
sb71 94 428 140 458
sb121 35 0 63 49
sb10 35 70 63 119
sb50 87 256 133 285
sb199 38 258 68 302
sb43 220 245 250 289
sb165 325 284 354 329
sb118 319 45 361 76
sb122 149 13 196 40
sb106 52 426 94 456
sb169 125 458 150 508
sb51 353 467 405 491
sb25 250 243 282 282
sb39 338 76 384 103
sb105 149 127 176 173
sb190 209 174 249 204
sb91 54 195 79 243
sb142 225 466 275 490
sb49 73 0 117 27
sb88 171 496 218 521
sb113 299 419 346 444
sb171 163 331 201 361
sb40 80 458 125 483
sb78 384 69 431 92
sb115 142 192 169 232
sb96 403 294 425 343
sb146 172 57 201 94
sb72 80 483 117 512
sb61 410 343 439 380
sb152 163 361 199 390
sb26 329 502 376 524
sb90 364 124 385 173
sb5 144 408 171 446
sb60 372 345 410 372
sb126 181 94 222 119
sb82 252 301 288 329
sb103 181 129 216 157
sb65 142 232 169 268
sb139 286 359 313 395
sb23 201 420 245 442
sb92 24 359 70 380
sb22 304 150 327 192
sb110 84 76 132 96
sb52 282 264 322 288
sb170 280 502 329 521
sb188 190 452 211 496
sb66 261 47 288 81
sb102 245 420 286 442
sb20 271 192 307 217
sb57 70 367 122 384
sb168 24 398 64 420
sb173 381 208 400 254
sb195 313 226 352 248
sb104 59 163 98 185
sb95 122 367 161 389
sb128 304 128 343 150
sb93 38 302 85 320
sb164 245 442 280 466
sb117 381 175 421 196
sb198 250 340 294 359
sb87 203 0 252 17
sb17 403 252 439 275
sb38 385 139 408 175
sb159 364 103 403 124
sb119 103 165 142 186
sb3 242 31 293 47
sb42 132 0 149 48
sb141 228 322 250 359
sb4 35 119 58 154
sb112 313 248 363 264
sb68 35 49 73 70
sb156 337 329 354 375
sb58 158 40 203 57
sb172 169 206 203 228
sb99 10 434 28 474
sb114 84 96 126 113
sb1 68 258 85 300
sb131 88 349 127 367
sb32 299 45 319 80
sb69 400 420 417 461
sb34 98 239 139 256
sb107 24 220 38 269
sb144 136 48 158 79
sb83 142 269 182 286
sb79 361 0 401 17
sb46 343 103 356 155
sb97 246 81 276 103
sb54 417 380 431 427
sb73 121 312 162 328
sb100 363 254 392 276
sb120 307 213 356 226
sb81 24 380 59 398
sb18 201 57 218 94
sb138 403 275 436 294
sb33 203 31 242 47
sb189 62 456 80 490
sb167 220 204 271 216
sb177 354 345 372 379
sb181 149 0 195 13
sb196 203 17 245 31
sb48 307 192 335 213
sb75 322 264 351 284
sb161 103 186 120 220
sb132 211 452 225 493
sb186 252 329 304 340
sb192 421 139 440 169
sb31 169 192 209 206
sb183 218 369 232 409
sb55 288 80 338 91
sb0 158 57 172 96
sb86 142 286 163 312
sb7 252 282 282 300
sb185 114 332 162 343
sb135 282 288 322 301
sb56 313 329 332 356
sb74 282 243 313 259
sb63 136 127 149 165
sb127 149 173 175 192
sb187 103 220 129 239
sb174 163 390 190 408
sb27 286 405 299 442
sb125 219 137 249 153
sb45 250 231 290 243
sb35 403 0 416 36
sb11 222 47 261 59
sb70 222 59 261 71
sb124 70 384 81 426
sb157 335 196 381 206
sb149 222 71 246 90
sb8 182 318 217 331
sb158 54 243 84 258
sb136 88 332 114 349
sb153 218 289 228 333
sb30 405 492 420 521
sb134 405 461 419 492
sb123 73 27 84 65
sb151 335 182 364 196
sb44 220 216 234 245
sb148 354 379 369 406
sb29 63 70 73 110
sb98 24 420 52 434
sb180 290 217 307 240
sb160 323 356 333 395
sb166 313 356 323 395
sb137 228 306 252 322
sb16 35 154 59 170
sb89 219 153 257 163
sb184 228 289 250 306
sb175 293 0 330 10
sb77 181 157 207 171
sb150 24 0 35 33
sb108 301 395 337 405
sb182 181 119 217 129
sb14 120 186 133 213
sb24 335 155 348 182
sb6 218 409 249 420
sb147 218 359 252 369
sb19 54 185 87 195
sb162 249 405 282 415
sb37 299 405 322 419
sb178 369 420 391 434
sb176 249 163 263 185
sb47 381 196 406 208
sb36 400 242 430 252
sb53 250 216 269 231
sb109 201 442 225 452
sb41 10 0 24 17
sb94 176 171 193 184
sb111 288 47 299 66
sb80 313 301 325 317
sb140 209 157 219 174
sb133 0 0 10 15
sb76 286 395 301 405
sb155 316 444 330 454
