2.7834
161964
228259
463 493
8.34348
sb20 336 359 463 493
sb0 37 0 154 106
sb19 338 133 458 236
sb9 132 243 240 355
sb3 50 347 128 481
sb14 0 192 113 276
sb17 0 276 132 347
sb16 329 64 463 133
sb28 240 236 365 307
sb26 154 0 221 130
sb7 221 356 329 435
sb8 240 0 367 64
sb12 365 236 460 320
sb22 132 355 221 436
sb4 240 64 328 143
sb23 132 436 262 486
sb2 240 178 338 235
sb24 240 307 348 356
sb6 143 130 205 208
sb18 37 106 143 148
sb21 0 392 45 490
sb15 348 320 460 359
sb25 115 208 233 243
sb13 367 0 429 64
sb11 262 435 336 487
sb5 0 0 37 103
sb10 240 143 329 178
sb29 0 347 50 392
sb1 37 148 82 192
sb27 82 148 115 185
