1.50764
2.44205e+06
386202
573 674
83.7989
sb57 420 583 462 635
sb161 17 326 68 367
sb263 73 623 114 674
sb87 54 445 106 485
sb266 54 148 94 200
sb131 30 583 82 623
sb92 232 623 283 663
sb33 282 0 322 50
sb100 197 465 236 514
sb109 536 509 573 559
sb125 54 200 91 250
sb18 397 295 435 343
sb16 487 180 536 217
sb66 106 308 143 357
sb255 186 343 221 394
sb4 299 359 348 395
sb225 133 238 167 289
sb59 360 146 411 180
sb86 487 340 535 375
sb47 159 94 205 130
sb279 283 634 330 669
sb118 166 596 214 630
sb196 291 142 336 178
sb110 436 119 471 165
sb62 17 250 67 282
sb63 86 0 118 50
sb95 415 71 448 119
sb209 0 462 32 511
sb200 461 428 508 461
sb134 329 217 359 268
sb146 411 242 463 271
sb13 488 533 517 585
sb179 0 550 30 600
sb27 353 322 397 356
sb17 415 538 448 583
sb83 41 0 86 33
sb177 41 33 86 66
sb188 282 427 326 460
sb96 138 497 167 547
sb114 370 0 418 30
sb286 244 188 289 220
sb164 249 395 294 427
sb258 322 0 370 30
sb206 148 202 194 233
sb85 508 99 555 129
sb74 194 236 241 266
sb251 41 118 88 148
sb102 535 386 567 430
sb108 397 358 438 391
sb192 28 159 54 211
sb56 536 170 563 220
sb76 508 451 550 483
sb159 54 389 82 437
sb247 249 156 291 188
sb61 496 585 545 612
sb187 534 220 566 261
sb204 382 425 411 470
sb282 149 470 197 497
sb139 353 356 393 388
sb167 250 283 290 315
sb298 30 554 74 583
sb170 411 426 460 452
sb248 277 576 304 623
sb267 297 50 339 80
sb202 133 172 175 202
sb88 147 130 195 156
sb262 464 0 516 24
sb120 471 52 503 91
sb147 418 0 464 27
sb121 156 343 186 384
sb84 429 635 470 665
sb68 30 515 79 540
sb119 250 332 299 357
sb25 461 357 487 404
sb183 529 311 571 340
sb153 294 395 339 422
sb128 487 217 512 265
sb21 382 470 430 495
sb243 461 461 501 491
sb176 236 529 277 558
sb291 188 0 213 47
sb166 48 485 87 515
sb289 142 0 171 40
sb138 429 216 475 241
sb103 0 623 37 653
sb297 304 579 345 606
sb105 256 478 285 516
sb184 200 283 250 305
sb42 285 493 307 543
sb49 397 601 418 653
sb229 508 430 560 451
sb31 197 514 236 542
sb220 430 498 457 538
sb9 353 388 375 436
sb199 106 50 133 89
sb101 0 511 27 550
sb90 219 36 269 57
sb71 218 74 246 111
sb127 350 611 397 633
sb182 205 444 254 465
sb124 249 368 287 395
sb238 452 293 494 317
sb236 345 105 387 129
sb197 328 422 353 462
sb250 350 633 387 660
sb54 436 165 463 202
sb7 508 61 534 99
sb22 291 178 329 204
sb6 405 271 446 295
sb264 246 74 295 94
sb288 462 27 501 52
sb186 37 635 73 662
sb230 219 0 246 36
sb149 442 337 461 388
sb79 156 308 200 330
sb271 359 252 405 273
sb246 249 115 297 135
sb142 118 0 142 40
sb190 463 317 487 357
sb235 360 180 379 230
sb168 370 30 415 51
sb11 17 367 38 412
sb69 110 384 149 408
sb217 411 136 429 188
sb48 167 542 204 567
sb232 430 452 450 498
sb249 461 404 499 428
sb207 175 172 211 197
sb185 82 421 119 445
sb198 218 57 270 74
sb292 249 135 291 156
sb169 68 368 110 389
sb3 291 204 309 253
sb224 379 273 397 322
sb82 246 94 288 115
sb40 205 427 256 444
sb14 299 324 347 342
sb29 244 257 277 283
sb122 290 288 337 306
sb91 500 491 547 509
sb239 133 289 177 308
sb171 364 518 383 562
sb242 547 340 566 384
sb141 360 129 409 146
sb212 512 280 558 298
sb287 474 151 520 169
sb89 282 460 328 478
sb181 345 70 370 103
sb245 233 558 254 597
sb113 516 0 537 39
sb222 503 39 540 61
sb293 335 518 352 565
sb272 438 388 459 426
sb36 284 543 308 576
sb237 159 61 203 79
sb216 79 541 125 558
sb55 534 61 557 95
sb123 86 50 106 89
sb19 17 306 56 326
sb173 203 305 238 327
sb130 499 397 532 420
sb43 370 66 412 84
sb117 470 509 488 551
sb180 418 27 462 44
sb151 110 368 156 384
sb112 487 375 520 397
sb75 335 489 375 507
sb201 149 447 180 470
sb77 200 266 244 282
sb129 186 394 205 431
sb115 98 495 117 532
sb8 461 491 500 509
sb70 494 265 508 314
sb163 520 151 556 170
sb150 384 495 404 529
sb132 166 630 182 672
sb41 290 253 329 270
sb99 370 51 414 66
sb23 233 606 277 621
sb174 488 509 535 523
sb274 512 217 530 253
sb280 214 552 233 586
sb78 133 65 147 111
sb52 339 462 379 478
sb269 231 145 247 185
sb135 28 0 41 49
sb265 352 562 365 611
sb133 221 362 234 409
sb218 156 330 203 343
sb44 159 40 188 61
sb58 512 253 534 280
sb284 299 306 332 324
sb273 211 185 244 203
sb60 487 317 529 331
sb226 387 653 429 667
sb94 394 215 411 249
sb234 246 0 282 16
sb144 205 57 218 101
sb97 17 293 61 306
sb275 312 80 331 110
sb45 418 44 439 71
sb143 370 84 397 105
sb215 534 261 565 279
sb104 535 340 547 386
sb162 133 156 167 172
sb137 231 115 249 145
sb257 133 202 148 238
sb30 254 558 284 576
sb193 285 478 321 493
sb145 335 507 384 518
sb221 494 129 543 140
sb2 304 606 323 634
sb281 166 431 199 447
sb208 166 567 184 596
sb191 471 91 508 105
sb295 520 140 567 151
sb268 114 558 141 577
sb252 167 266 197 283
sb116 254 576 271 606
sb277 87 485 138 495
sb80 99 408 138 421
sb278 87 495 98 541
sb73 17 412 27 462
sb261 38 397 48 446
sb157 214 586 232 613
sb15 244 220 257 257
sb219 38 367 54 397
sb189 488 523 536 533
sb140 335 479 382 489
sb64 474 180 487 216
sb93 236 465 254 491
sb26 329 178 345 207
sb231 211 203 225 236
sb72 557 0 570 35
sb81 389 180 402 215
sb107 221 327 234 362
sb10 393 391 406 425
sb244 238 305 249 345
sb214 411 188 426 217
sb67 37 623 73 635
sb240 142 40 159 65
sb294 475 265 490 293
sb213 352 518 364 553
sb156 379 388 393 418
sb98 463 165 474 203
sb24 470 585 496 601
sb228 397 583 420 601
sb32 412 119 436 136
sb223 299 342 323 359
sb276 195 141 229 153
sb296 321 565 350 579
sb290 86 89 100 118
sb1 321 479 335 508
sb160 30 540 59 554
sb136 360 30 370 70
sb195 195 130 231 141
sb285 337 288 348 324
sb5 406 391 434 405
sb38 471 134 494 151
sb53 297 103 307 142
sb203 508 298 538 311
sb227 359 230 394 241
sb0 471 105 484 134
sb154 159 79 183 94
sb106 156 384 166 420
sb148 167 156 189 172
sb165 297 80 312 103
sb194 450 452 461 482
sb270 397 343 422 356
sb155 234 361 246 388
sb172 359 241 388 252
sb37 442 295 452 326
sb34 329 207 360 217
sb178 422 343 442 358
sb12 345 30 360 50
sb205 256 516 279 529
sb210 82 389 108 400
sb241 321 508 332 534
sb254 28 148 54 159
sb152 250 315 270 329
sb35 138 547 166 557
sb259 204 542 232 552
sb65 411 217 422 242
sb158 250 357 275 368
sb28 256 427 282 437
sb111 474 169 497 180
sb256 100 357 123 368
sb126 379 180 389 204
sb50 329 268 341 288
sb175 270 315 283 332
sb46 452 317 463 337
sb51 0 0 17 12
sb260 359 273 379 283
sb20 397 529 415 540
sb233 328 462 339 479
sb253 17 0 28 16
sb283 234 345 245 361
sb211 82 400 99 410
sb299 17 282 31 293
sb39 205 47 219 57
