1.50109
2.46762e+06
378561
491 771
80.1933
sb57 358 327 400 379
sb161 266 101 307 152
sb263 364 540 415 581
sb87 115 660 167 700
sb266 140 527 192 567
sb131 332 619 384 659
sb92 59 91 99 142
sb33 216 0 266 40
sb100 360 719 399 768
sb109 451 103 488 153
sb125 382 128 419 178
sb18 147 183 195 221
sb16 153 567 190 616
sb66 167 668 204 717
sb255 364 473 415 508
sb4 155 455 204 491
sb225 130 717 181 751
sb59 0 648 34 699
sb86 14 172 49 220
sb47 276 181 312 227
sb279 407 410 454 445
sb118 273 300 321 334
sb196 54 333 99 369
sb110 204 566 250 601
sb62 157 331 207 363
sb63 204 516 236 566
sb95 327 659 360 707
sb209 454 54 486 103
sb200 168 0 215 33
sb134 328 334 358 385
sb146 14 596 43 648
sb13 446 525 475 577
sb179 419 577 449 627
sb27 417 196 451 240
sb17 73 300 118 333
sb83 458 350 491 395
sb177 191 234 236 267
sb188 433 0 466 44
sb96 270 650 320 679
sb114 99 338 147 368
sb286 130 495 175 527
sb164 374 0 406 45
sb258 230 364 278 394
sb206 97 444 128 490
sb85 399 692 429 739
sb74 123 53 153 100
sb251 204 693 234 740
sb102 123 21 167 53
sb108 0 699 41 732
sb192 255 679 307 705
sb56 370 278 420 305
sb76 287 69 329 101
sb159 289 572 317 620
sb247 56 142 88 184
sb61 247 458 296 485
sb187 364 508 405 540
sb204 406 81 451 110
sb282 49 203 76 251
sb139 70 514 102 554
sb167 72 14 104 54
sb298 458 395 487 439
sb170 212 152 238 201
sb248 350 114 377 161
sb267 14 0 44 42
sb202 161 289 191 331
sb88 329 191 355 239
sb262 185 47 209 99
sb120 185 99 224 131
sb147 130 368 157 414
sb121 376 238 417 268
sb84 154 95 184 136
sb68 429 692 478 717
sb119 357 49 382 98
sb25 63 733 110 759
sb183 153 53 182 95
sb153 43 439 88 466
sb128 276 227 324 252
sb21 68 596 116 621
sb243 336 385 376 415
sb176 406 365 447 394
sb291 68 621 115 646
sb166 376 394 406 433
sb289 310 22 350 51
sb138 415 667 461 692
sb103 327 503 364 533
sb297 426 484 453 525
sb105 204 634 242 663
sb184 41 706 63 756
sb42 32 574 82 596
sb49 177 616 198 668
sb229 116 0 168 21
sb31 300 345 328 384
sb220 419 627 446 667
sb9 148 267 196 289
sb199 155 416 182 455
sb101 43 515 70 554
sb90 326 239 376 260
sb71 216 40 244 77
sb127 310 0 357 22
sb182 266 0 287 49
sb124 400 327 427 365
sb238 130 414 154 456
sb236 32 280 56 322
sb197 429 739 469 764
sb250 267 721 304 748
sb54 406 0 433 37
sb7 250 182 276 220
sb22 34 61 72 87
sb6 32 256 73 280
sb264 43 390 63 439
sb288 130 456 155 495
sb186 231 741 267 768
sb230 256 264 283 300
sb149 199 400 218 451
sb79 362 305 406 327
sb271 370 659 391 705
sb246 61 466 81 514
sb142 303 493 327 533
sb190 218 412 258 436
sb235 277 631 327 650
sb168 222 485 267 506
sb11 212 131 257 152
sb69 84 209 123 233
sb217 204 451 222 503
sb48 76 184 113 209
sb232 70 554 116 574
sb249 315 434 339 472
sb207 229 601 265 626
sb185 327 533 364 557
sb198 230 395 282 412
sb292 364 598 406 619
sb169 283 279 325 300
sb3 207 267 256 285
sb224 43 466 61 515
sb82 214 302 256 323
sb40 461 295 478 346
sb14 136 100 154 148
sb29 97 369 130 395
sb122 115 621 162 639
sb91 110 395 128 442
sb239 307 137 326 181
sb171 72 54 116 73
sb242 166 146 210 165
sb141 357 0 374 49
sb212 260 412 278 458
sb287 166 165 212 183
sb89 339 426 357 472
sb181 204 601 229 634
sb245 278 412 299 451
sb113 234 663 255 702
sb222 429 717 466 739
sb293 41 659 58 706
sb272 212 201 250 222
sb36 58 664 91 688
sb237 428 153 472 171
sb216 471 171 488 217
sb55 321 311 355 334
sb123 157 377 177 416
sb19 451 251 490 271
sb173 355 191 377 226
sb130 236 506 259 539
sb43 32 322 50 364
sb117 72 73 114 91
sb180 131 265 148 309
sb151 299 405 315 451
sb112 84 233 106 266
sb75 417 178 457 196
sb201 376 433 407 456
sb77 256 348 300 364
sb129 307 722 344 741
sb115 14 42 51 61
sb8 91 715 130 733
sb70 457 171 471 220
sb163 326 273 362 292
sb150 63 369 97 389
sb132 415 458 457 474
sb41 361 456 400 473
sb99 250 220 265 264
sb23 162 616 177 660
sb174 289 509 303 556
sb274 310 51 346 69
sb280 147 148 166 182
sb78 0 0 14 46
sb52 267 705 307 721
sb269 407 394 447 410
sb135 97 395 110 444
sb265 140 567 153 616
sb133 182 403 195 450
sb218 158 221 205 234
sb44 315 405 336 434
sb58 244 40 266 67
sb284 158 234 191 252
sb273 395 110 428 128
sb60 299 451 313 493
sb226 157 363 199 377
sb94 238 165 272 182
sb234 32 220 48 256
sb144 123 100 136 144
sb97 326 260 370 273
sb275 259 506 289 525
sb45 433 54 454 81
sb143 204 740 231 761
sb215 332 472 350 503
sb104 222 436 234 482
sb162 236 539 270 555
sb137 14 220 32 250
sb257 115 700 151 715
sb30 118 320 148 338
sb193 199 363 214 399
sb145 417 240 466 251
sb221 73 251 84 300
sb2 326 292 354 311
sb281 214 367 230 400
sb208 68 646 97 664
sb191 214 323 251 337
sb295 136 148 147 195
sb268 49 184 76 203
sb252 382 178 399 208
sb116 215 663 232 693
sb277 116 557 126 608
sb80 147 252 186 265
sb278 63 389 74 435
sb73 376 268 426 278
sb261 32 364 42 413
sb157 283 252 301 279
sb15 46 87 59 124
sb219 214 337 230 367
sb189 46 124 56 172
sb140 433 44 480 54
sb64 469 717 482 753
sb93 234 436 260 454
sb26 102 490 118 519
sb231 447 317 461 350
sb72 458 439 471 474
sb81 118 233 131 268
sb107 346 178 381 191
sb10 407 445 441 458
sb244 427 263 438 303
sb214 320 707 349 722
sb67 255 705 267 741
sb240 364 581 389 598
sb294 466 0 481 28
sb213 34 87 46 122
sb156 427 303 457 317
sb98 116 519 127 557
sb24 182 377 198 403
sb228 115 639 138 657
sb32 451 271 468 295
sb223 207 285 231 302
sb276 417 251 451 263
sb296 370 705 399 719
sb290 303 557 332 571
sb1 405 508 419 537
sb160 44 0 73 14
sb136 360 659 370 699
sb195 289 620 325 631
sb285 307 101 318 137
sb5 256 334 284 348
sb38 256 300 273 323
sb53 130 527 140 566
sb203 234 454 247 484
sb227 284 334 319 345
sb0 127 566 140 595
sb154 376 379 400 394
sb106 391 619 401 655
sb148 350 98 372 114
sb165 372 98 395 113
sb194 131 309 161 320
sb270 266 152 291 165
sb155 355 226 382 238
sb172 167 33 196 44
sb37 154 136 185 146
sb34 58 596 68 627
sb178 267 485 287 500
sb12 14 61 34 76
sb205 287 0 310 13
sb210 43 364 54 390
sb241 415 474 426 500
sb254 204 663 215 689
sb152 196 33 216 47
sb35 426 474 454 484
sb259 192 491 202 519
sb65 336 415 361 426
sb158 447 350 458 375
sb28 299 395 325 405
sb111 32 413 43 436
sb256 278 384 301 395
sb126 289 485 299 509
sb50 426 525 446 537
sb175 346 161 359 178
sb46 34 648 54 659
sb51 399 739 411 756
sb260 99 91 109 111
sb20 259 525 277 536
sb233 315 472 332 483
sb253 147 221 158 237
sb283 289 556 300 572
sb211 204 761 221 771
sb299 350 472 361 486
sb39 222 506 236 516
