1.43515
924822
413820
684 605
1.06699
sb57 601 0 649 47
sb161 398 466 444 513
sb263 610 432 657 478
sb266 381 388 426 436
sb87 186 344 234 389
sb131 254 27 302 72
sb92 171 520 218 565
sb33 398 513 444 558
sb100 432 219 476 264
sb125 162 229 204 275
sb109 598 118 640 164
sb18 147 275 191 318
sb66 397 326 439 371
sb16 244 509 289 551
sb255 539 510 578 557
sb4 595 343 640 383
sb225 395 163 433 210
sb59 71 81 109 128
sb86 467 309 511 348
sb196 150 416 191 457
sb47 234 349 276 389
sb279 562 0 601 43
sb118 499 160 543 198
sb63 469 124 515 160
sb62 104 405 150 441
sb110 254 138 293 180
sb95 146 0 183 44
sb209 53 45 98 81
sb134 109 80 143 127
sb200 109 37 146 80
sb146 362 163 395 211
sb13 399 113 447 146
sb179 226 270 272 304
sb27 501 414 541 452
sb96 208 102 254 135
sb83 318 301 355 342
sb17 355 515 392 556
sb177 565 454 606 491
sb258 581 84 625 118
sb114 192 31 236 65
sb188 0 366 40 403
sb164 444 0 480 41
sb286 623 269 659 310
sb206 362 291 404 326
sb251 109 262 143 305
sb85 314 122 357 156
sb74 105 547 148 581
sb102 323 190 359 230
sb56 183 0 229 31
sb159 254 106 298 138
sb108 444 512 482 549
sb247 437 430 476 466
sb76 362 36 398 75
sb61 252 180 297 211
sb192 362 262 410 291
sb187 648 392 684 430
sb204 312 402 353 435
sb248 458 384 501 415
sb167 192 65 228 102
sb139 610 478 646 515
sb202 640 81 679 115
sb267 493 85 527 124
sb298 615 392 648 432
sb282 537 84 581 114
sb170 179 121 208 166
sb262 544 231 592 258
sb120 362 436 398 472
sb84 258 397 296 431
sb121 317 156 355 190
sb183 543 118 582 151
sb88 558 55 602 84
sb147 283 459 325 489
sb68 41 181 86 209
sb119 53 0 81 45
sb243 640 328 677 362
sb176 109 229 147 262
sb25 0 427 43 456
sb128 191 416 219 460
sb21 595 269 623 313
sb153 114 472 144 513
sb166 12 288 46 324
sb289 98 0 131 37
sb291 444 41 472 84
sb297 513 383 551 414
sb138 439 322 467 364
sb103 561 289 595 323
sb105 244 472 279 505
sb49 138 341 186 365
sb31 595 237 631 269
sb229 296 435 344 459
sb42 516 0 562 25
sb184 398 0 444 25
sb199 322 489 353 525
sb220 476 482 513 512
sb90 520 293 544 339
sb9 298 190 323 234
sb71 640 47 672 81
sb124 298 248 333 279
sb101 485 452 521 482
sb182 499 206 544 230
sb127 80 498 105 541
sb250 104 305 138 336
sb236 205 493 244 520
sb238 501 266 540 293
sb197 150 457 187 485
sb264 659 265 682 310
sb149 298 279 345 301
sb6 138 365 176 392
sb186 71 128 104 159
sb54 36 324 70 354
sb7 631 236 666 265
sb22 43 371 78 400
sb235 227 211 273 233
sb246 208 153 252 176
sb288 276 369 312 397
sb271 12 324 36 366
sb79 219 453 244 493
sb142 395 210 432 237
sb190 261 233 288 270
sb230 362 211 395 241
sb168 259 431 283 472
sb11 314 24 355 48
sb69 326 95 362 122
sb232 276 301 318 324
sb217 244 551 264 599
sb48 487 348 515 382
sb3 41 222 86 243
sb249 87 441 114 476
sb224 165 62 186 107
sb292 215 319 254 343
sb82 398 436 437 460
sb169 25 243 64 267
sb14 270 0 314 21
sb207 312 342 345 370
sb185 144 500 171 534
sb198 146 44 165 92
sb91 480 245 523 266
sb40 64 243 83 290
sb287 516 25 558 46
sb212 539 581 581 602
sb239 204 232 226 272
sb171 219 431 259 453
sb242 578 508 600 548
sb29 566 200 595 230
sb245 521 452 557 476
sb113 146 205 182 229
sb122 279 489 322 509
sb141 158 186 203 205
sb222 395 237 429 262
sb89 515 363 557 383
sb181 640 362 668 392
sb272 226 233 261 257
sb237 472 84 493 124
sb19 143 318 179 341
sb123 543 151 566 187
sb43 516 46 537 85
sb117 436 288 475 309
sb293 472 41 491 84
sb36 176 389 206 416
sb55 104 336 130 367
sb173 633 164 658 196
sb216 534 491 576 510
sb130 104 367 130 397
sb180 633 196 652 236
sb151 208 135 250 153
sb8 437 389 458 425
sb201 186 318 215 344
sb112 229 0 254 30
sb129 53 159 87 181
sb115 423 558 457 580
sb75 544 343 581 363
sb163 447 113 469 146
sb77 606 515 624 555
sb70 521 521 537 566
sb150 139 581 170 604
sb132 614 177 632 216
sb274 447 161 468 194
sb174 371 589 414 605
sb41 468 348 487 384
sb280 333 230 355 261
sb23 378 146 418 163
sb99 544 289 561 329
sb265 146 92 161 137
sb135 276 324 291 369
sb78 430 97 472 113
sb52 53 81 71 118
sb269 640 310 677 328
sb44 438 264 465 288
sb218 640 115 655 158
sb133 595 411 610 454
sb284 469 160 499 181
sb273 480 266 501 296
sb58 414 580 439 605
sb226 208 193 224 232
sb60 598 177 614 216
sb275 332 0 360 22
sb215 25 267 54 288
sb143 234 389 258 414
sb97 494 230 534 245
sb144 150 485 190 500
sb45 171 565 196 589
sb234 146 137 179 155
sb94 392 558 423 577
sb104 355 22 397 36
sb137 624 515 652 536
sb145 521 476 534 521
sb221 254 304 267 349
sb2 410 277 436 299
sb277 87 159 99 206
sb193 43 354 76 371
sb257 623 310 640 343
sb30 595 383 615 411
sb295 362 472 375 515
sb162 482 538 500 569
sb73 583 154 595 200
sb268 87 476 112 498
sb278 41 209 83 222
sb191 105 581 139 597
sb80 583 118 598 154
sb261 146 155 158 200
sb208 561 323 588 343
sb281 112 529 142 547
sb116 204 272 223 300
sb252 560 258 588 277
sb189 476 296 520 308
sb140 433 207 476 219
sb15 254 72 269 106
sb219 362 75 390 93
sb157 544 206 564 231
sb64 506 566 539 581
sb26 165 44 192 62
sb244 430 84 467 97
sb231 652 196 668 226
sb72 147 229 162 261
sb81 312 370 327 402
sb93 179 166 203 186
sb107 148 534 163 566
sb10 114 441 129 472
sb67 551 383 565 416
sb214 566 151 583 178
sb98 598 164 633 177
sb156 114 513 142 529
sb213 398 25 430 39
sb136 41 0 53 37
sb294 362 343 379 369
sb240 410 299 433 318
sb276 551 416 565 447
sb290 25 0 41 27
sb296 362 93 378 120
sb1 254 0 270 27
sb24 314 0 332 24
sb53 381 326 393 362
sb160 291 324 318 340
sb195 433 309 466 322
sb285 447 194 480 207
sb228 491 0 511 21
sb203 223 304 251 319
sb223 371 556 390 578
sb32 186 102 208 121
sb227 349 63 362 95
sb5 381 362 397 388
sb0 458 415 485 430
sb38 595 216 614 237
sb106 560 277 593 289
sb154 446 364 468 381
sb194 410 264 438 277
sb148 426 371 446 389
sb165 578 491 599 508
sb172 500 581 527 594
sb155 298 234 323 248
sb34 314 48 326 77
sb37 655 115 667 144
sb270 493 21 516 36
sb12 362 326 381 343
sb178 208 176 227 193
sb205 447 146 468 161
sb241 0 403 13 427
sb35 562 43 588 55
sb254 482 512 506 525
sb210 482 525 506 538
sb259 468 181 494 193
sb152 544 258 560 277
sb65 326 48 349 61
sb158 578 568 601 581
sb28 501 382 513 406
sb111 375 472 396 485
sb256 378 93 399 106
sb50 543 187 557 206
sb126 392 577 414 589
sb46 298 156 317 169
sb175 190 460 205 476
sb260 0 0 12 19
sb51 64 290 80 304
sb20 130 392 147 405
sb233 12 0 25 16
sb283 161 107 174 122
sb253 349 48 362 63
sb211 355 556 371 568
sb299 600 555 613 568
sb39 397 371 409 384
