1.44275
2.42195e+06
362088
564 642
24.3915
sb57 451 444 503 486
sb161 419 403 470 444
sb263 473 246 524 287
sb87 137 601 189 641
sb266 100 241 140 293
sb131 210 257 262 297
sb92 473 367 524 407
sb33 519 0 559 50
sb100 181 484 220 533
sb109 241 68 278 118
sb125 63 176 100 226
sb18 118 343 156 391
sb16 373 520 410 569
sb66 297 324 334 373
sb255 49 451 84 502
sb4 156 338 192 387
sb225 129 456 180 490
sb59 113 21 164 55
sb86 296 230 331 278
sb47 425 0 471 36
sb279 524 309 559 356
sb118 49 403 83 451
sb196 458 572 494 617
sb110 337 148 372 194
sb62 38 335 70 385
sb63 524 446 556 496
sb95 97 408 130 456
sb209 248 340 297 372
sb200 309 576 342 623
sb134 320 500 371 530
sb146 471 27 500 79
sb13 129 506 181 535
sb179 109 145 139 195
sb27 44 577 88 611
sb17 198 421 243 454
sb83 49 502 94 535
sb177 210 537 255 570
sb188 24 50 57 94
sb96 198 364 248 393
sb114 241 0 289 30
sb286 524 401 556 446
sb164 109 99 154 131
sb258 211 69 241 117
sb206 501 521 547 552
sb85 165 171 195 218
sb74 100 293 147 323
sb251 410 531 457 561
sb102 81 0 113 44
sb108 100 208 141 241
sb192 495 574 547 600
sb56 320 398 347 448
sb76 478 150 510 192
sb159 198 393 246 421
sb247 63 119 105 151
sb61 130 427 179 454
sb187 296 154 337 186
sb204 165 232 210 261
sb282 389 295 437 322
sb139 462 314 502 346
sb167 71 545 111 577
sb298 381 230 425 259
sb170 192 338 241 364
sb248 287 73 314 120
sb267 437 272 467 314
sb202 514 171 544 213
sb88 470 287 518 313
sb262 180 0 204 52
sb120 386 46 425 78
sb147 201 118 247 145
sb121 180 454 221 484
sb84 417 609 458 639
sb68 424 125 473 150
sb119 262 472 311 497
sb25 426 99 473 125
sb183 494 213 536 242
sb153 470 407 515 434
sb128 242 196 267 244
sb21 0 433 48 458
sb243 373 593 413 623
sb176 404 150 445 179
sb291 349 205 396 230
sb166 524 279 563 309
sb289 31 535 71 564
sb138 342 547 367 593
sb103 347 0 384 30
sb297 165 63 206 90
sb105 381 363 410 401
sb184 501 552 551 574
sb42 331 254 381 276
sb49 97 493 118 545
sb229 113 0 165 21
sb31 412 503 451 531
sb220 386 78 426 105
sb9 267 199 315 221
sb199 11 335 38 374
sb101 246 393 273 432
sb90 10 493 31 543
sb71 97 456 125 493
sb127 334 340 381 362
sb182 97 343 118 392
sb124 362 276 389 314
sb238 449 182 473 224
sb236 336 101 378 125
sb197 524 496 564 521
sb250 535 242 562 279
sb54 376 476 413 503
sb7 457 523 495 549
sb22 81 55 119 81
sb6 337 68 378 92
sb264 48 287 97 307
sb288 415 350 454 375
sb186 292 37 319 73
sb230 471 0 507 27
sb149 69 236 88 287
sb79 166 535 210 557
sb271 241 47 287 68
sb246 471 79 519 99
sb142 286 390 310 430
sb190 430 224 470 248
sb235 367 623 417 642
sb168 524 356 545 401
sb11 473 346 518 367
sb69 319 30 358 54
sb217 320 448 338 500
sb48 417 584 454 609
sb232 189 571 235 591
sb249 154 281 192 305
sb207 63 151 99 176
sb185 373 569 410 593
sb198 320 530 372 547
sb292 527 50 548 92
sb169 221 454 242 496
sb3 331 194 349 243
sb224 287 120 336 138
sb82 473 204 494 246
sb40 195 181 212 232
sb14 180 387 198 435
sb29 378 136 404 169
sb122 137 554 155 601
sb91 248 372 295 390
sb239 243 472 262 516
sb171 457 486 501 505
sb242 277 221 296 265
sb141 478 133 527 150
sb212 473 99 519 117
sb287 395 414 413 460
sb89 92 81 138 99
sb181 375 169 400 202
sb245 221 516 260 537
sb113 510 150 549 171
sb222 419 379 456 401
sb293 48 307 95 324
sb272 347 401 385 422
sb36 24 94 48 127
sb237 457 505 501 523
sb216 425 36 471 53
sb55 342 593 365 627
sb123 24 30 63 50
sb19 97 323 136 343
sb173 399 259 421 294
sb130 211 36 234 69
sb43 165 90 183 132
sb117 334 296 352 338
sb180 118 391 162 408
sb151 129 490 175 506
sb112 527 92 549 125
sb75 255 563 273 603
sb201 410 561 441 584
sb77 315 186 331 230
sb129 129 535 166 554
sb115 289 0 308 37
sb8 306 278 345 296
sb70 337 54 386 68
sb163 165 152 201 171
sb150 165 132 199 152
sb132 278 138 320 154
sb41 373 503 412 520
sb99 317 383 361 398
sb23 0 564 44 579
sb174 83 324 97 371
sb274 63 0 81 36
sb280 381 344 415 363
sb78 384 0 398 46
sb52 246 444 286 460
sb269 162 387 178 427
sb135 278 574 291 623
sb265 277 291 290 340
sb133 421 259 468 272
sb218 156 325 203 338
sb44 320 547 341 576
sb58 419 444 446 466
sb284 501 486 519 519
sb273 260 530 278 563
sb60 109 131 151 145
sb226 155 557 197 571
sb94 415 333 449 350
sb234 319 54 335 90
sb144 307 627 351 640
sb97 347 422 360 466
sb275 118 554 137 584
sb45 201 145 228 166
sb143 48 226 69 253
sb215 154 305 185 323
sb104 88 236 100 282
sb162 473 117 507 133
sb137 24 0 42 30
sb257 290 524 305 560
sb30 10 475 40 493
sb193 352 325 388 340
sb145 230 159 241 208
sb221 309 497 320 546
sb2 155 571 183 590
sb281 203 591 236 607
sb208 449 164 478 182
sb191 242 159 256 196
sb295 24 324 71 335
sb268 290 497 309 524
sb252 0 458 30 475
sb116 210 297 240 314
sb277 241 37 292 47
sb80 140 241 153 280
sb278 165 52 211 63
sb73 385 414 395 464
sb261 376 466 425 476
sb157 306 296 324 323
sb15 256 176 293 189
sb219 212 208 242 224
sb189 267 189 315 199
sb140 352 276 362 323
sb64 449 314 462 350
sb93 378 105 396 131
sb26 248 297 277 313
sb231 211 0 225 33
sb72 262 244 275 279
sb81 338 477 373 490
sb107 11 0 24 35
sb10 385 401 419 414
sb244 388 322 428 333
sb214 201 166 230 181
sb67 478 192 514 204
sb240 247 118 272 135
sb294 319 0 347 15
sb213 246 460 281 472
sb156 260 516 290 530
sb98 81 81 92 119
sb24 360 422 376 448
sb228 38 385 61 403
sb32 179 261 203 278
sb223 456 379 473 403
sb276 71 324 83 358
sb296 230 145 259 159
sb290 278 560 307 574
sb1 454 350 468 379
sb160 449 150 478 164
sb136 0 475 10 515
sb195 225 0 236 36
sb285 331 243 367 254
sb5 396 105 424 119
sb38 0 579 23 596
sb53 361 362 371 401
sb203 105 195 135 208
sb227 414 179 449 190
sb0 277 278 306 291
sb154 44 611 68 626
sb106 389 259 399 295
sb148 414 201 430 223
sb165 336 125 351 148
sb194 38 403 49 433
sb270 237 244 262 257
sb155 495 600 522 612
sb172 414 190 443 201
sb37 286 430 317 440
sb34 549 50 559 81
sb178 165 0 180 20
sb12 314 101 334 116
sb205 457 549 470 572
sb210 362 314 388 325
sb241 349 194 375 205
sb254 334 362 360 373
sb152 165 261 179 281
sb35 310 373 338 383
sb259 324 296 334 324
sb65 118 493 129 518
sb158 212 224 237 235
sb28 69 226 95 236
sb111 388 333 411 344
sb256 314 90 337 101
sb126 84 371 94 395
sb50 185 305 197 325
sb175 396 119 409 136
sb46 0 0 11 20
sb51 246 432 263 444
sb260 404 179 414 199
sb20 278 154 296 165
sb233 278 165 295 176
sb253 347 466 363 477
sb283 430 248 446 259
sb211 92 99 109 109
sb299 524 242 535 256
sb39 189 591 203 601
