1.48693
2.41651e+06
377720
568 665
40.2912
sb57 448 146 500 188
sb161 138 611 189 652
sb263 29 555 80 596
sb87 507 520 559 560
sb266 349 510 389 562
sb131 475 403 527 443
sb92 49 449 100 489
sb33 407 0 457 40
sb100 499 65 538 114
sb109 189 96 239 133
sb125 409 121 446 171
sb18 425 319 473 357
sb16 238 419 287 456
sb66 96 124 145 161
sb255 135 0 186 35
sb4 488 293 524 342
sb225 58 282 92 333
sb59 11 362 62 396
sb86 252 470 300 505
sb47 248 163 294 199
sb279 395 566 430 613
sb118 89 535 123 583
sb196 330 629 375 665
sb110 499 30 545 65
sb62 26 59 58 109
sb63 281 0 331 32
sb95 374 233 407 281
sb209 469 461 501 510
sb200 318 241 365 274
sb134 145 507 196 537
sb146 330 577 359 629
sb13 146 230 175 282
sb179 514 342 544 392
sb27 528 476 562 520
sb17 145 554 190 587
sb83 98 255 143 288
sb177 422 228 455 273
sb188 425 40 469 73
sb96 399 438 428 488
sb114 285 528 315 576
sb286 294 163 339 195
sb164 202 51 234 96
sb258 444 394 474 442
sb206 92 370 123 416
sb85 474 263 521 293
sb74 0 455 47 485
sb251 146 384 193 414
sb102 351 460 395 492
sb108 189 165 230 198
sb192 430 533 482 559
sb56 61 25 111 52
sb76 189 133 231 165
sb159 98 330 146 358
sb247 457 0 499 32
sb61 302 442 351 469
sb187 354 105 395 137
sb204 302 400 347 429
sb282 57 109 84 157
sb139 196 570 228 610
sb167 476 114 516 146
sb298 54 229 98 258
sb170 169 320 195 369
sb248 302 373 349 400
sb267 175 217 217 247
sb202 11 332 53 362
sb88 516 114 542 162
sb262 302 336 354 360
sb120 187 257 226 289
sb147 374 305 401 351
sb121 281 32 322 62
sb84 446 100 476 141
sb68 51 0 100 25
sb119 276 199 325 224
sb25 218 499 244 546
sb183 349 395 391 424
sb153 253 16 280 61
sb128 188 442 236 467
sb21 425 283 473 308
sb243 365 562 395 602
sb176 428 479 469 508
sb291 283 603 330 628
sb166 230 248 260 287
sb289 215 289 255 318
sb138 0 409 25 455
sb103 499 0 536 30
sb297 26 193 53 234
sb105 190 610 228 639
sb184 89 502 139 524
sb42 454 559 476 609
sb49 299 90 351 111
sb229 54 208 106 229
sb31 399 488 427 527
sb220 57 168 84 208
sb9 145 485 193 507
sb199 325 195 364 222
sb101 252 505 279 544
sb90 29 505 50 555
sb71 425 357 453 394
sb127 123 370 145 417
sb182 274 142 323 163
sb124 354 59 392 86
sb238 492 188 534 212
sb236 26 258 68 282
sb197 106 230 146 255
sb250 231 221 268 248
sb54 285 576 322 603
sb7 205 343 231 381
sb22 516 162 554 188
sb6 151 94 175 135
sb264 0 485 49 505
sb288 399 527 424 566
sb186 300 501 336 528
sb230 501 479 528 515
sb149 100 449 119 500
sb79 448 188 492 210
sb271 169 289 215 310
sb246 369 151 389 199
sb142 312 274 352 298
sb190 0 607 40 631
sb235 375 40 425 59
sb168 482 560 527 581
sb11 322 32 343 77
sb69 430 559 454 598
sb217 248 350 266 402
sb48 86 62 111 99
sb232 399 379 419 425
sb249 272 62 296 100
sb207 228 570 264 595
sb185 139 587 176 611
sb198 395 613 412 665
sb292 98 288 119 330
sb169 524 300 545 342
sb3 220 0 238 49
sb224 422 210 471 228
sb82 276 224 318 245
sb40 203 0 220 51
sb14 351 442 399 460
sb29 47 396 80 422
sb122 428 442 475 460
sb91 11 295 58 313
sb239 325 222 369 241
sb171 425 394 444 438
sb242 276 282 295 326
sb141 542 251 559 300
sb212 125 212 171 230
sb287 508 233 554 251
sb89 188 467 234 485
sb181 215 318 248 343
sb245 521 251 542 290
sb113 409 171 448 192
sb222 468 228 505 250
sb293 302 469 349 486
sb272 401 100 439 121
sb36 374 281 407 305
sb237 347 424 391 442
sb216 111 77 157 94
sb55 534 188 568 211
sb123 50 502 89 522
sb19 475 383 514 403
sb173 374 199 409 221
sb130 496 581 519 614
sb43 146 414 188 432
sb117 365 0 407 18
sb180 236 402 280 419
sb151 482 614 498 660
sb112 26 13 48 46
sb75 528 458 568 476
sb201 359 602 390 625
sb77 193 381 209 425
sb129 428 460 465 479
sb115 92 430 129 449
sb8 527 440 566 458
sb70 239 16 253 65
sb163 276 245 312 264
sb150 354 274 374 308
sb132 239 0 281 16
sb41 96 161 135 178
sb99 287 359 302 403
sb23 146 369 190 384
sb174 236 605 283 619
sb274 351 492 387 510
sb280 119 288 138 322
sb78 238 456 284 470
sb52 218 554 258 570
sb269 135 161 151 201
sb135 266 353 279 402
sb265 49 489 98 502
sb133 231 343 244 390
sb218 92 417 139 430
sb44 209 381 230 410
sb58 248 199 275 221
sb284 239 114 257 147
sb273 39 109 57 142
sb60 274 100 288 142
sb226 471 212 513 226
sb94 231 147 248 181
sb234 488 342 504 378
sb144 26 109 39 153
sb97 11 282 55 295
sb275 11 313 41 332
sb45 255 287 276 314
sb143 513 212 540 233
sb215 392 59 423 77
sb104 98 358 144 370
sb162 111 108 145 124
sb137 475 443 505 461
sb257 39 142 54 178
sb30 276 264 306 282
sb193 255 314 270 350
sb145 89 524 138 535
sb221 425 308 474 319
sb2 175 198 203 217
sb281 58 62 74 95
sb208 407 314 425 343
sb191 364 137 401 151
sb295 542 65 553 112
sb268 354 86 381 105
sb252 423 83 453 100
sb116 469 32 486 62
sb277 61 52 112 62
sb80 475 344 488 383
sb278 190 639 236 650
sb73 425 73 475 83
sb261 519 581 529 630
sb157 196 501 214 528
sb15 374 351 387 388
sb219 187 0 203 30
sb189 527 392 537 440
sb140 419 273 466 283
sb64 296 77 332 90
sb93 501 461 527 479
sb26 0 505 29 521
sb231 239 88 272 102
sb72 455 228 468 263
sb81 349 360 362 395
sb107 26 46 61 59
sb10 474 250 508 263
sb244 343 0 354 40
sb214 336 562 365 577
sb67 387 351 399 387
sb240 427 508 444 533
sb294 301 486 329 501
sb213 239 102 274 114
sb156 317 298 331 328
sb98 306 298 317 336
sb24 276 326 302 342
sb228 407 291 425 314
sb32 145 537 169 554
sb223 188 425 212 442
sb276 374 221 408 233
sb296 482 581 496 610
sb290 175 146 189 175
sb1 238 470 252 499
sb160 96 178 125 192
sb136 283 628 323 638
sb195 407 343 418 379
sb285 151 135 187 146
sb5 287 403 301 431
sb38 146 282 169 299
sb53 275 544 285 583
sb203 0 396 30 409
sb227 354 0 365 35
sb0 409 192 422 221
sb154 111 62 135 77
sb106 169 310 205 320
sb148 196 485 218 501
sb165 187 30 202 53
sb194 354 308 365 338
sb270 26 0 51 13
sb155 175 257 187 284
sb172 57 157 86 168
sb37 244 544 275 554
sb34 175 247 206 257
sb178 11 0 26 20
sb12 26 178 46 193
sb205 239 65 252 88
sb210 146 455 172 466
sb241 288 100 299 126
sb254 29 596 55 607
sb152 111 94 131 108
sb35 409 221 419 249
sb259 409 263 419 291
sb65 473 319 484 344
sb158 53 333 78 344
sb28 172 432 182 458
sb111 482 510 493 533
sb256 146 432 157 455
sb126 228 595 252 605
sb50 84 168 96 188
sb175 302 360 319 373
sb46 135 201 155 212
sb51 68 258 85 270
sb260 218 485 238 495
sb20 0 0 11 18
sb233 286 342 297 359
sb253 196 528 207 544
sb283 270 342 286 353
sb211 365 18 375 35
sb299 493 515 507 526
sb39 409 249 419 263
