1.50652
2.4477e+06
387400
596 650
83.5642
sb57 447 84 489 136
sb161 432 32 483 73
sb263 428 482 479 523
sb87 296 236 348 276
sb266 162 57 202 109
sb131 336 478 376 530
sb92 483 21 534 61
sb33 65 465 105 515
sb100 313 167 362 206
sb109 389 580 426 630
sb125 215 273 265 310
sb18 274 481 322 519
sb16 214 236 263 273
sb66 237 143 286 180
sb255 503 461 554 496
sb4 204 485 240 534
sb225 450 254 501 288
sb59 556 322 590 373
sb86 211 390 246 438
sb47 123 202 159 248
sb279 65 430 112 465
sb118 428 544 462 592
sb196 215 310 260 346
sb110 237 197 283 232
sb62 397 133 447 165
sb63 153 521 185 571
sb95 172 203 220 236
sb209 56 218 105 250
sb200 307 342 354 375
sb134 180 122 231 152
sb146 175 596 227 625
sb13 0 483 29 535
sb179 52 76 82 126
sb27 215 346 249 390
sb17 260 346 305 379
sb83 445 165 478 210
sb177 202 57 235 102
sb188 188 170 232 203
sb96 119 0 148 50
sb114 65 528 113 558
sb286 400 32 432 77
sb164 485 404 530 436
sb258 313 206 361 236
sb206 554 459 585 505
sb85 65 610 112 640
sb74 90 55 137 85
sb251 336 448 383 478
sb102 67 297 99 341
sb108 455 288 488 329
sb192 65 558 91 610
sb56 286 167 313 217
sb76 133 596 175 628
sb159 389 532 417 580
sb247 394 0 436 32
sb61 144 364 193 391
sb187 329 592 370 624
sb204 286 42 331 71
sb282 52 0 100 27
sb139 534 53 574 85
sb167 546 242 586 274
sb298 489 84 518 128
sb170 437 372 463 421
sb248 162 30 209 57
sb267 383 326 425 356
sb202 112 430 142 472
sb88 311 624 359 650
sb262 397 81 421 133
sb120 123 170 162 202
sb147 293 411 320 457
sb121 125 248 155 289
sb84 91 565 121 606
sb68 286 142 335 167
sb119 501 161 550 186
sb25 307 316 354 342
sb183 539 524 568 566
sb153 286 115 331 142
sb128 520 322 545 370
sb21 105 485 153 510
sb243 307 276 337 316
sb176 302 71 343 100
sb291 211 460 258 485
sb166 546 274 585 304
sb289 82 99 122 128
sb138 462 563 487 609
sb103 162 0 199 30
sb297 506 186 533 227
sb105 553 0 591 29
sb184 475 439 525 461
sb42 525 437 575 459
sb49 162 272 214 293
sb229 467 372 519 393
sb31 487 579 515 618
sb220 490 134 530 161
sb9 88 128 110 176
sb199 123 143 162 170
sb101 261 590 300 617
sb90 261 540 282 590
sb71 162 417 190 454
sb127 503 496 525 543
sb182 240 485 261 534
sb124 364 81 391 119
sb238 550 105 574 147
sb236 199 0 241 24
sb197 354 283 394 308
sb250 231 116 268 143
sb54 364 165 401 192
sb7 99 254 125 292
sb22 141 391 179 417
sb6 356 42 397 66
sb264 52 27 72 76
sb288 99 375 124 414
sb186 300 519 336 546
sb230 38 420 65 456
sb149 99 345 150 364
sb79 450 210 472 254
sb271 428 523 474 544
sb246 383 392 403 440
sb142 293 457 333 481
sb190 394 248 434 272
sb235 539 505 589 524
sb168 349 10 394 31
sb11 541 392 562 437
sb69 437 348 476 372
sb217 335 115 353 167
sb48 165 571 202 596
sb232 403 392 423 438
sb249 479 461 503 499
sb207 336 546 361 582
sb185 533 186 557 223
sb198 21 431 38 483
sb292 483 0 525 21
sb169 172 251 214 272
sb3 188 152 237 170
sb224 331 0 349 49
sb82 273 0 294 42
sb40 153 504 204 521
sb14 105 206 123 254
sb29 449 439 475 472
sb122 193 326 211 373
sb91 56 250 74 297
sb239 409 461 428 505
sb171 383 373 427 392
sb242 227 544 246 588
sb141 365 326 382 375
sb212 467 393 485 439
sb287 569 147 587 193
sb89 488 324 506 370
sb181 380 215 405 248
sb245 261 519 300 540
sb113 265 232 286 271
sb222 113 528 135 565
sb293 185 521 202 568
sb272 35 208 56 246
sb36 562 388 595 412
sb237 462 618 506 636
sb216 383 356 429 373
sb55 155 293 189 316
sb123 534 85 573 105
sb19 142 417 162 456
sb173 401 165 436 187
sb130 394 272 417 305
sb43 72 27 90 69
sb117 162 109 180 151
sb180 506 227 523 271
sb151 74 250 90 296
sb112 193 293 215 326
sb75 541 304 581 322
sb201 307 375 338 398
sb77 286 71 302 115
sb129 506 271 525 308
sb115 100 18 119 55
sb8 354 395 372 434
sb70 482 172 496 221
sb163 533 223 569 242
sb150 56 352 76 386
sb132 99 414 141 430
sb41 410 439 449 456
sb99 123 99 138 143
sb23 84 341 99 385
sb174 336 434 383 448
sb274 488 288 506 324
sb280 270 290 289 324
sb78 82 85 128 99
sb52 487 563 527 579
sb269 474 523 490 563
sb135 376 496 389 545
sb265 110 128 123 177
sb133 260 379 307 392
sb218 442 288 455 335
sb44 518 105 539 134
sb58 164 482 191 504
sb284 506 618 539 636
sb273 376 478 409 496
sb60 231 102 273 116
sb226 265 276 307 290
sb94 534 19 551 53
sb234 426 592 442 628
sb144 180 109 224 122
sb97 401 187 445 200
sb275 530 373 560 392
sb45 0 0 21 27
sb143 383 440 410 461
sb215 365 308 396 326
sb104 121 565 133 611
sb162 172 152 188 186
sb137 437 421 467 439
sb257 560 373 596 388
sb30 105 510 135 528
sb193 364 66 400 81
sb145 193 373 204 422
sb221 354 308 365 357
sb2 525 0 553 19
sb281 364 119 397 135
sb208 105 177 123 206
sb191 35 0 49 37
sb295 227 443 274 454
sb268 409 505 428 532
sb252 274 423 291 453
sb116 260 392 290 409
sb277 286 217 296 268
sb80 105 472 144 485
sb278 99 318 145 329
sb73 349 32 399 42
sb261 202 534 251 544
sb157 311 546 329 573
sb15 337 276 350 313
sb219 99 329 129 345
sb189 427 373 437 421
sb140 428 472 475 482
sb64 307 398 343 411
sb93 70 178 88 204
sb26 336 530 365 546
sb231 260 409 293 423
sb72 361 546 374 581
sb81 506 308 541 321
sb107 442 335 477 348
sb10 562 412 596 425
sb244 99 364 139 375
sb214 335 100 364 115
sb67 478 136 490 172
sb240 35 37 52 62
sb294 172 236 200 251
sb213 137 50 149 85
sb156 52 178 66 208
sb98 133 628 171 639
sb24 354 267 380 283
sb228 35 246 53 269
sb32 237 180 261 197
sb223 52 161 76 178
sb276 142 456 176 468
sb296 65 398 94 412
sb290 251 632 280 646
sb1 168 316 182 345
sb160 164 468 193 482
sb136 135 510 145 550
sb195 530 392 541 428
sb285 56 297 67 333
sb5 506 321 520 349
sb38 523 242 546 259
sb53 246 390 256 429
sb203 125 289 155 302
sb227 52 126 63 161
sb0 155 316 168 345
sb154 35 396 50 420
sb106 260 310 270 346
sb148 211 438 227 460
sb165 483 61 498 84
sb194 364 192 394 203
sb270 425 272 450 285
sb155 364 203 391 215
sb172 300 546 311 575
sb37 162 151 172 182
sb34 348 236 358 267
sb178 145 571 165 586
sb12 261 617 281 632
sb205 76 385 99 398
sb210 99 292 110 318
sb241 545 322 556 348
sb254 525 259 536 285
sb152 380 248 394 268
sb35 349 0 377 10
sb259 574 29 584 57
sb65 331 49 356 60
sb158 485 393 510 404
sb28 35 386 61 396
sb111 153 468 164 491
sb256 476 348 487 371
sb126 329 582 353 592
sb50 365 375 377 395
sb175 124 386 141 399
sb46 124 375 144 386
sb51 425 285 442 297
sb260 256 423 266 443
sb20 100 0 111 18
sb233 67 341 84 352
sb253 21 420 37 431
sb283 338 375 354 386
sb211 472 210 482 227
sb299 21 0 35 11
sb39 56 208 70 218
