3.12154
438842
217065
435 499
46.145
sb20 128 0 275 114
sb0 0 0 128 95
sb19 108 405 240 497
sb9 0 95 123 192
sb3 118 335 265 405
sb14 0 192 124 267
sb17 0 311 63 456
sb16 123 114 270 176
sb28 370 0 433 137
sb26 310 0 370 143
sb7 356 380 427 498
sb8 378 137 435 276
sb12 356 276 431 380
sb22 275 143 347 240
sb4 161 231 257 302
sb23 63 350 108 493
sb2 265 240 316 347
sb24 0 267 118 311
sb6 161 176 246 231
sb15 275 0 310 123
sb18 124 176 161 292
sb21 316 392 356 499
sb25 347 143 378 272
sb13 240 428 310 483
sb5 124 302 237 335
sb11 265 347 311 428
sb10 316 240 347 337
sb29 316 337 356 392
sb1 63 311 112 350
sb27 246 176 275 216
