3.1011
432019
218892
493 444
46.272
sb20 63 323 210 437
sb0 0 0 95 128
sb19 95 0 227 92
sb9 369 329 492 426
sb3 423 0 493 147
sb14 63 129 187 204
sb17 0 128 63 273
sb16 256 72 403 134
sb28 430 147 493 284
sb26 0 273 60 416
sb7 187 165 258 283
sb8 291 174 430 231
sb12 210 369 314 444
sb22 227 0 324 72
sb4 324 0 420 71
sb23 346 284 489 329
sb2 291 231 398 282
sb24 63 204 181 248
sb6 314 352 369 437
sb15 63 248 186 283
sb18 95 92 211 129
sb21 316 134 423 174
sb25 187 134 316 165
sb13 291 282 346 352
sb5 63 283 176 316
sb11 210 323 291 369
sb10 258 165 289 262
sb29 187 283 242 323
sb1 242 283 291 322
sb27 227 72 256 112
