3.12955
435150
219480
472 465
44.9543
sb20 97 211 211 358
sb0 0 0 95 128
sb19 0 128 92 260
sb9 0 332 97 455
sb3 97 0 167 147
sb14 312 0 387 124
sb17 167 0 312 63
sb16 410 195 472 342
sb28 333 357 470 420
sb26 167 63 310 123
sb7 387 0 458 118
sb8 260 300 399 357
sb12 97 390 201 465
sb22 0 260 97 332
sb4 355 124 451 195
sb23 319 420 462 465
sb2 226 359 333 410
sb24 201 410 319 454
sb6 297 124 352 209
sb15 248 265 371 300
sb18 211 204 248 320
sb21 248 218 355 258
sb25 97 359 226 390
sb13 355 195 410 265
sb5 97 178 210 211
sb11 211 123 257 204
sb10 97 147 194 178
sb29 257 163 297 218
sb1 211 320 260 359
sb27 257 123 286 163
