3.12364
435445
214335
433 495
44.9012
sb20 317 0 431 147
sb0 305 235 433 330
sb19 298 330 430 422
sb9 0 0 123 97
sb3 0 347 70 494
sb14 174 357 298 432
sb17 51 201 114 346
sb16 123 0 270 62
sb28 174 432 311 495
sb26 114 347 174 490
sb7 311 422 429 493
sb8 126 62 183 201
sb12 51 97 126 201
sb22 220 62 317 134
sb4 209 220 305 291
sb23 0 97 45 240
sb2 0 240 51 347
sb24 70 346 114 464
sb6 220 165 305 220
sb15 174 322 297 357
sb18 183 62 220 178
sb21 114 240 154 347
sb25 154 291 283 322
sb13 357 147 427 202
sb5 305 202 418 235
sb11 163 201 209 282
sb10 220 134 317 165
sb29 317 147 357 202
sb1 114 201 163 240
sb27 270 0 299 40
