3.11928
437184
217316
449 484
44.9902
sb20 0 0 147 114
sb0 353 0 448 128
sb19 218 326 350 418
sb9 352 128 449 251
sb3 0 414 147 484
sb14 147 0 222 124
sb17 143 124 206 269
sb16 0 352 147 414
sb28 218 418 355 481
sb26 0 114 143 174
sb7 147 363 218 481
sb8 0 205 57 344
sb12 277 251 381 326
sb22 281 0 353 97
sb4 350 336 446 407
sb23 307 97 352 240
sb2 57 205 108 312
sb24 237 0 281 118
sb6 381 251 436 336
sb15 108 174 143 297
sb18 270 118 307 234
sb21 57 312 164 352
sb25 206 124 237 253
sb13 164 269 234 324
sb5 237 118 270 231
sb11 355 407 436 453
sb10 0 174 97 205
sb29 237 234 277 289
sb1 164 324 213 363
sb27 237 289 277 318
