958413.250000
1540919.500000
375907.000000
647 581
1020.921151
sb0 200 94 229 107
sb1 321 191 350 205
sb2 139 94 167 113
sb3 475 487 493 536
sb4 471 251 520 287
sb5 395 429 409 457
sb6 167 137 208 161
sb7 550 217 576 255
sb8 602 483 641 501
sb9 229 59 277 81
sb10 304 536 317 570
sb11 133 161 178 182
sb12 237 162 257 177
sb13 559 147 611 176
sb14 178 390 196 438
sb15 460 204 497 217
sb16 89 92 138 129
sb17 401 84 446 117
sb18 609 528 647 576
sb19 598 387 637 407
sb20 347 253 365 264
sb21 139 113 164 161
sb22 421 232 459 258
sb23 302 297 346 312
sb24 212 448 238 464
sb25 298 459 345 485
sb26 272 308 301 324
sb27 519 32 563 66
sb28 250 232 260 258
sb29 180 177 213 203
sb30 218 206 236 236
sb31 0 40 39 68
sb32 338 490 362 507
sb33 84 52 134 92
sb34 460 217 470 248
sb35 176 343 204 353
sb36 257 149 281 182
sb37 260 232 270 263
sb38 409 445 432 462
sb39 354 317 368 327
sb40 237 193 288 210
sb41 139 385 156 424
sb42 579 471 601 521
sb43 308 142 350 160
sb44 178 438 199 467
sb45 245 525 272 546
sb46 307 379 318 399
sb47 0 109 36 155
sb48 208 124 245 149
sb49 60 275 112 296
sb50 225 306 245 318
sb51 459 369 471 386
sb52 578 261 594 301
sb53 375 375 414 385
sb54 406 129 443 156
sb55 139 444 173 467
sb56 496 375 523 425
sb57 594 276 646 318
sb58 189 224 211 251
sb59 50 511 101 545
sb60 67 124 81 166
sb61 273 259 300 308
sb62 39 92 89 124
sb63 0 432 50 464
sb64 320 368 356 381
sb65 277 324 302 335
sb66 0 200 37 249
sb67 561 367 597 379
sb68 510 175 559 200
sb69 524 259 548 298
sb70 384 481 398 530
sb71 39 124 67 161
sb72 327 119 362 132
sb73 421 258 471 268
sb74 352 507 382 554
sb75 496 335 514 375
sb76 508 0 550 32
sb77 470 543 514 559
sb78 114 371 160 385
sb79 245 485 289 507
sb80 218 149 257 162
sb81 436 386 471 399
sb82 114 350 156 371
sb83 178 468 211 513
sb84 281 52 311 93
sb85 0 0 47 30
sb86 0 497 48 532
sb87 84 0 124 52
sb88 0 334 26 382
sb89 398 181 416 227
sb90 66 215 116 236
sb91 224 350 242 397
sb92 559 176 610 216
sb93 344 431 370 449
sb94 102 478 136 495
sb95 0 464 48 497
sb96 50 482 100 511
sb97 116 337 160 350
sb98 361 392 372 430
sb99 281 109 296 153
sb100 66 236 115 275
sb101 492 47 519 86
sb102 272 536 304 580
sb103 102 426 139 456
sb104 269 81 281 127
sb105 76 352 114 381
sb106 200 110 236 120
sb107 446 347 459 382
sb108 0 68 33 109
sb109 534 512 571 562
sb110 116 284 162 319
sb111 235 318 258 329
sb112 236 210 269 232
sb113 375 385 414 406
sb114 611 188 641 236
sb115 265 410 302 429
sb116 395 298 425 315
sb117 136 483 178 501
sb118 427 469 475 503
sb119 416 181 441 230
sb120 211 236 250 268
sb121 425 284 466 314
sb122 302 279 349 297
sb123 139 424 178 444
sb124 116 215 143 253
sb125 375 315 425 352
sb126 425 392 435 416
sb127 486 0 508 47
sb128 259 371 307 396
sb129 534 444 571 463
sb130 495 218 518 251
sb131 563 0 615 40
sb132 319 397 361 413
sb133 198 293 245 306
sb134 308 161 359 191
sb135 26 334 39 383
sb136 0 30 40 40
sb137 212 332 242 350
sb138 397 156 443 181
sb139 611 236 643 276
sb140 296 132 343 142
sb141 372 230 421 247
sb142 321 205 345 245
sb143 153 211 180 232
sb144 307 335 320 379
sb145 196 415 245 426
sb146 414 416 466 445
sb147 563 340 609 367
sb148 178 161 200 177
sb149 562 128 613 147
sb150 238 448 258 482
sb151 421 268 467 284
sb152 245 396 265 410
sb153 39 296 84 323
sb154 392 247 407 271
sb155 382 530 394 557
sb156 242 350 256 380
sb157 245 507 272 525
sb158 347 242 372 253
sb159 615 0 643 48
sb160 256 357 285 371
sb161 86 385 137 426
sb162 281 93 315 109
sb163 514 339 533 375
sb164 534 391 566 436
sb165 245 293 260 316
sb166 175 551 214 581
sb167 258 453 298 485
sb168 372 419 393 464
sb169 39 251 60 293
sb170 327 93 376 119
sb171 218 162 237 206
sb172 260 287 271 316
sb173 494 300 516 335
sb174 520 512 534 559
sb175 204 350 221 363
sb176 368 52 397 93
sb177 401 30 446 63
sb178 395 272 415 287
sb179 214 551 264 581
sb180 563 323 607 340
sb181 470 217 495 250
sb182 523 463 544 512
sb183 272 507 314 536
sb184 89 129 139 151
sb185 609 332 646 356
sb186 39 215 66 251
sb187 101 536 142 568
sb188 50 449 94 482
sb189 143 211 153 259
sb190 258 429 298 453
sb191 265 396 302 410
sb192 368 0 394 52
sb193 459 354 495 369
sb194 459 149 489 160
sb195 561 379 597 390
sb196 425 503 470 539
sb197 446 30 486 55
sb198 50 432 102 449
sb199 281 153 308 192
sb200 194 47 227 94
sb201 296 109 327 132
sb202 39 185 81 215
sb203 533 339 563 352
sb204 447 55 492 84
sb205 372 406 395 419
sb206 614 407 645 453
sb207 376 93 401 129
sb208 548 286 577 304
sb209 563 40 595 89
sb210 321 268 347 279
sb211 195 332 212 342
sb212 160 378 178 424
sb213 401 117 436 129
sb214 435 399 464 414
sb215 227 511 245 542
sb216 484 86 501 132
sb217 370 563 422 581
sb218 481 300 494 347
sb219 397 462 427 478
sb220 167 60 194 100
sb221 414 364 425 413
sb222 495 425 532 447
sb223 443 168 460 192
sb224 475 438 493 487
sb225 328 40 362 91
sb226 516 325 558 339
sb227 425 331 436 366
sb228 395 406 413 429
sb229 139 39 191 60
sb230 398 527 425 563
sb231 236 110 269 124
sb232 298 439 344 459
sb233 273 248 290 259
sb234 143 195 179 211
sb235 467 559 517 578
sb236 493 501 517 543
sb237 178 533 222 551
sb238 432 445 474 469
sb239 548 304 592 323
sb240 528 200 553 217
sb241 395 287 421 298
sb242 39 166 83 185
sb243 47 0 77 40
sb244 237 182 277 193
sb245 200 376 221 415
sb246 598 367 646 387
sb247 489 132 521 174
sb248 39 405 86 432
sb249 446 84 484 108
sb250 601 501 638 528
sb251 194 0 224 47
sb252 493 447 523 464
sb253 291 234 307 245
sb254 425 366 436 392
sb255 598 48 633 99
sb256 375 364 398 375
sb257 162 281 198 296
sb258 579 528 609 576
sb259 160 368 188 378
sb260 372 247 392 257
sb261 415 478 425 527
sb262 81 191 133 215
sb263 521 66 562 117
sb264 178 513 227 533
sb265 308 191 321 240
sb266 288 0 328 52
sb267 425 539 467 569
sb268 162 314 181 341
sb269 136 467 176 483
sb270 407 247 420 272
sb271 401 63 447 84
sb272 180 203 218 224
sb273 319 312 352 330
sb274 162 296 198 314
sb275 302 245 321 275
sb276 602 407 614 441
sb277 436 331 446 382
sb278 523 375 534 421
sb279 0 287 35 334
sb280 356 358 375 392
sb281 319 381 352 397
sb282 155 254 203 281
sb283 198 306 214 317
sb284 259 324 277 357
sb285 350 203 386 214
sb286 578 216 610 261
sb287 116 319 162 337
sb288 116 259 155 284
sb289 229 81 269 110
sb290 181 314 195 343
sb291 203 268 250 293
sb292 39 384 81 405
sb293 398 478 415 525
sb294 466 287 481 315
sb295 315 52 326 99
sb296 350 132 364 161
sb297 345 449 372 490
sb298 460 160 489 204
sb299 214 306 225 320
sb2830 481 287 494 300
sb2631 83 151 132 191
sb392 291 245 302 257
sb2143 221 397 244 415
sb2574 501 86 519 114
sb1105 446 108 482 149
sb1906 550 255 578 286
sb2087 489 174 510 197
sb1138 516 300 546 325
sb739 359 191 398 203
sb12210 76 331 113 352
sb20611 562 89 598 126
sb2612 352 554 370 577
sb9513 521 136 559 175
sb8114 364 129 380 156
sb263115 229 0 288 31
sb18416 534 352 561 391
sb22517 328 0 368 40
sb8218 211 486 245 511
sb4419 321 245 346 268
sb9120 349 264 371 301
sb22121 133 182 172 195
sb11722 245 127 279 149
sb10723 371 257 387 284
sb20624 47 40 84 76
sb525 362 490 384 507
sb3426 347 230 372 242
sb7927 317 546 352 573
sb27528 250 263 273 287
sb19429 200 363 224 376
sb1942930 352 301 370 317
sb24531 471 369 496 399
sb2632 328 413 351 431
sb8433 141 501 177 534
sb26934 497 200 528 218
sb1735 317 507 352 546
sb136 302 312 319 335
sb27737 195 320 235 332
sb2212138 347 214 377 230
sb208739 372 464 397 481
sb73940 609 318 639 332
sb7394041 443 192 460 216
sb11742 155 232 189 254
sb21043 199 448 212 468
sb24844 142 534 175 571
sb27745 375 352 415 364
sb4046 521 117 561 136
sb24747 320 330 354 368
sb1072348 285 353 307 371
sb6549 446 149 459 168
sb21350 162 341 176 368
sb27151 39 359 75 384
sb12352 371 284 395 314
sb11253 380 129 406 156
sb39254 258 316 272 324
sb17355 571 444 598 471
sb194293056 273 234 291 248
sb110557 229 31 278 59
sb9658 544 471 579 510
sb27059 377 214 396 230
sb10560 84 296 114 331
sb6661 0 155 39 200
sb23262 270 210 306 234
sb13563 465 315 481 354
sb24864 167 100 200 137
sb2065 245 380 259 393
sb1666 138 0 183 39
sb20967 0 249 39 287
sb17768 102 501 141 536
sb2484469 466 399 495 438
sb2486470 598 99 637 128
sb2096771 401 0 446 30
sb27072 446 331 465 347
sb110573 50 545 99 573
sb8874 359 161 397 191
sb11775 102 456 136 478
sb9876 494 287 524 300
sb887477 446 0 482 30
sb214378 242 329 259 350
sb2693479 212 464 237 486
sb12780 493 464 520 501
sb16581 302 399 319 417
sb1278082 566 390 598 419
sb11055783 199 426 258 448
sb23684 139 60 167 94
sb28485 302 417 328 439
sb7586 354 327 375 358
sb7487 39 323 76 359
sb22688 425 314 459 331
sb14689 611 147 646 188
sb19290 520 218 550 259
sb27191 566 419 602 444
sb1292 245 410 263 426
sb3393 0 383 39 431
sb17594 325 485 338 501
sb19295 602 453 643 483
sb21496 277 335 300 353
sb8997 289 485 325 506
sb15298 443 216 460 232
sb14099 188 353 200 390
