2.14487
190931
216900
482 450
4.5984
sb0 229 328 325 422
sb35 0 0 94 88
sb21 94 0 188 76
sb25 275 0 357 86
sb27 0 212 75 305
sb15 82 163 178 235
sb4 298 182 390 257
sb38 0 305 87 379
sb44 408 249 482 334
sb22 357 0 431 80
sb17 0 88 94 149
sb39 383 386 475 448
sb42 188 44 273 110
sb30 143 244 199 337
sb36 0 379 82 442
sb48 0 149 82 212
sb23 188 110 268 174
sb18 188 174 260 244
sb33 346 119 422 182
sb13 431 0 481 92
sb20 94 76 143 163
sb47 325 343 376 424
sb7 422 145 467 236
sb28 188 0 275 44
sb5 155 380 219 438
sb29 129 338 217 380
sb49 336 257 378 343
sb43 87 300 129 385
sb11 376 343 456 386
sb31 255 286 336 328
sb37 82 385 155 428
sb8 143 76 181 156
sb9 303 117 346 181
sb19 378 257 408 343
sb3 273 147 298 243
sb12 75 261 133 300
sb34 390 182 422 249
sb1 305 424 383 450
sb2 229 422 305 448
sb16 243 244 286 286
sb24 406 92 472 119
sb41 75 235 143 261
sb26 357 80 406 116
sb46 199 282 229 338
sb32 199 244 243 282
sb10 422 119 473 145
sb6 275 86 311 117
sb40 229 286 255 322
sb45 275 117 303 147
sb14 286 257 313 285
