2.90616
622174
214396
494 434
20.075
sb0 0 0 84 105
sb35 300 185 403 264
sb21 0 164 103 232
sb25 191 103 285 176
sb27 157 240 259 307
sb4 375 0 442 101
sb15 191 176 296 240
sb38 22 325 88 420
sb44 22 232 88 325
sb22 149 368 237 434
sb17 191 0 245 103
sb39 245 0 300 101
sb42 88 340 147 433
sb30 107 95 157 197
sb36 345 101 435 157
sb48 84 0 140 90
sb23 398 339 455 427
sb18 88 234 151 313
sb33 0 105 83 161
sb13 296 388 397 433
sb20 140 0 184 95
sb47 300 94 345 183
sb7 298 311 398 351
sb28 259 240 298 335
sb5 442 0 494 70
sb29 259 335 296 431
sb49 300 0 337 94
sb43 456 164 493 257
sb11 337 0 375 88
sb31 298 351 387 388
sb37 157 307 237 345
sb8 157 95 191 183
sb9 418 164 456 234
sb19 428 234 455 328
sb3 0 232 22 337
sb12 435 101 470 164
sb34 345 157 418 185
sb1 154 345 239 368
sb2 455 340 478 423
sb16 107 197 154 234
sb24 403 267 427 339
sb41 84 90 107 164
sb26 157 183 189 236
sb46 88 313 149 340
sb32 339 264 387 298
sb10 455 257 478 313
sb6 455 313 494 340
sb40 300 288 339 311
sb45 403 234 428 267
sb14 300 264 330 288
