2.87215
612082
209950
475 442
21.9726
sb0 385 125 469 230
sb35 0 0 79 103
sb21 269 0 372 68
sb25 79 0 173 73
sb27 66 265 168 332
sb4 66 198 167 265
sb15 0 236 64 341
sb38 0 141 66 236
sb44 270 194 363 260
sb22 269 68 357 134
sb17 167 198 270 252
sb39 79 113 180 168
sb42 115 380 208 439
sb30 425 339 475 441
sb36 168 290 224 380
sb48 213 24 269 114
sb23 410 0 467 88
sb18 304 339 383 402
sb33 208 380 291 436
sb13 0 341 45 442
sb20 280 295 375 339
sb47 66 332 155 377
sb7 79 73 179 113
sb28 375 253 470 292
sb5 45 377 115 429
sb29 246 157 342 194
sb49 304 402 398 439
sb43 380 88 473 125
sb11 372 0 410 88
sb31 383 292 420 381
sb37 168 252 248 290
sb8 179 24 213 112
sb9 0 103 70 141
sb19 152 171 246 198
sb3 363 127 385 232
sb12 281 260 344 295
sb34 79 168 152 196
sb1 385 230 470 253
sb2 269 134 352 157
sb16 420 292 457 339
sb24 179 0 251 24
sb41 224 290 247 364
sb26 248 324 280 377
sb46 398 381 425 442
sb32 180 137 228 171
sb10 213 114 269 137
sb6 248 285 275 324
sb40 357 88 380 127
sb45 248 260 281 285
sb14 280 339 304 369
