2.89213
615710
209657
491 427
21.7161
sb0 173 0 278 84
sb35 94 0 173 103
sb21 328 0 396 103
sb25 94 141 188 214
sb27 236 359 338 426
sb4 0 0 67 101
sb15 0 101 64 206
sb38 223 121 289 216
sb44 0 206 93 272
sb22 380 220 468 286
sb17 437 37 491 140
sb39 38 272 93 373
sb42 94 214 153 307
sb30 278 0 328 102
sb36 290 266 380 322
sb48 435 324 491 414
sb23 397 140 485 197
sb18 153 364 232 427
sb33 290 183 346 266
sb13 245 216 290 317
sb20 108 307 152 402
sb47 153 214 198 303
sb7 397 37 437 137
sb28 338 322 377 417
sb5 38 373 108 425
sb29 360 103 397 199
sb49 396 0 490 37
sb43 173 84 266 121
sb11 380 286 468 324
sb31 236 322 325 359
sb37 0 272 38 352
sb8 401 324 435 412
sb9 94 103 164 141
sb19 67 0 94 94
sb3 64 101 86 206
sb12 188 121 223 184
sb34 0 352 28 425
sb1 468 220 491 305
sb2 397 197 480 220
sb16 198 216 245 253
sb24 377 324 401 396
sb41 289 102 312 176
sb26 328 103 360 156
sb46 153 303 180 364
sb32 198 253 232 301
sb10 180 303 236 326
sb6 312 156 351 183
sb40 180 326 219 349
sb45 351 199 376 232
sb14 346 232 370 262
