2.88634
602261
212976
493 432
19.8704
sb0 0 64 105 148
sb35 390 353 493 432
sb21 264 233 332 336
sb25 0 274 94 347
sb27 0 148 102 215
sb4 144 0 245 67
sb15 0 0 105 64
sb38 0 347 95 413
sb44 95 299 161 392
sb22 385 174 451 262
sb17 161 303 264 357
sb39 317 0 418 55
sb42 0 215 93 274
sb30 265 359 367 409
sb36 200 213 256 303
sb48 257 177 347 233
sb23 105 204 193 261
sb18 418 0 481 79
sb33 347 77 403 160
sb13 332 262 433 307
sb20 412 79 456 174
sb47 212 124 257 213
sb7 307 77 347 177
sb28 105 0 144 95
sb5 105 152 175 204
sb29 456 79 493 175
sb49 158 395 252 432
sb43 451 175 488 268
sb11 94 261 182 299
sb31 367 307 456 344
sb37 161 357 241 395
sb8 273 24 307 112
sb9 347 160 385 230
sb19 144 67 238 94
sb3 307 55 412 77
sb12 95 392 158 427
sb34 245 24 273 97
sb1 460 268 483 353
sb2 264 336 347 359
sb16 175 118 212 165
sb24 245 0 317 24
sb41 105 95 179 118
sb26 273 112 305 165
sb46 212 97 273 124
sb32 105 118 153 152
sb10 265 409 321 432
sb6 433 268 460 307
sb40 367 344 390 383
sb45 175 165 200 198
sb14 241 359 265 389
