2.92304
616460
213044
482 442
21.5218
sb0 395 66 479 171
sb35 63 231 166 310
sb21 411 337 479 440
sb25 235 190 329 263
sb27 0 340 67 442
sb4 166 224 233 325
sb15 235 55 299 160
sb38 354 0 449 66
sb44 84 0 150 93
sb22 394 271 482 337
sb17 150 0 253 54
sb39 253 0 354 55
sb42 67 347 126 440
sb30 0 159 50 261
sb36 235 263 325 319
sb48 179 54 235 144
sb23 147 167 235 224
sb18 0 261 63 340
sb33 156 325 212 408
sb13 241 394 342 439
sb20 84 93 179 137
sb47 39 0 84 89
sb7 439 171 479 271
sb28 0 0 39 95
sb5 77 172 147 224
sb29 299 66 395 103
sb49 299 103 393 140
sb43 235 319 328 356
sb11 328 287 366 375
sb31 67 310 156 347
sb37 241 356 321 394
sb8 153 408 241 442
sb9 39 89 77 159
sb19 299 140 393 167
sb3 366 301 388 406
sb12 84 137 147 172
sb34 366 228 394 301
sb1 235 167 320 190
sb2 147 144 230 167
sb16 329 215 366 262
sb24 50 159 74 231
sb41 388 337 411 411
sb26 386 171 439 203
sb46 126 347 153 408
sb32 352 167 386 215
sb10 212 325 235 381
sb6 394 228 421 267
sb40 329 167 352 206
sb45 386 203 419 228
sb14 328 263 358 287
